{
  "meta": {
    "format": 3,
    "version": "7.9.1",
    "timestamp": "2025-07-03T07:04:44.988940",
    "branch_coverage": false,
    "show_contexts": false
  },
  "files": {
    "backend\\models\\__init__.py": {
      "executed_lines": [1, 14, 15, 18, 19, 20, 21, 22, 24, 25, 36, 37, 38, 40, 41, 68],
      "summary": {
        "covered_lines": 14,
        "num_statements": 16,
        "percent_covered": 87.5,
        "percent_covered_display": "88",
        "missing_lines": 2,
        "excluded_lines": 0
      },
      "missing_lines": [52, 65],
      "excluded_lines": [],
      "functions": {
        "UserRole.get_permissions": {
          "executed_lines": [],
          "summary": {
            "covered_lines": 0,
            "num_statements": 2,
            "percent_covered": 0.0,
            "percent_covered_display": "0",
            "missing_lines": 2,
            "excluded_lines": 0
          },
          "missing_lines": [52, 65],
          "excluded_lines": []
        },
        "": {
          "executed_lines": [1, 14, 15, 18, 19, 20, 21, 22, 24, 25, 36, 37, 38, 40, 41, 68],
          "summary": {
            "covered_lines": 14,
            "num_statements": 14,
            "percent_covered": 100.0,
            "percent_covered_display": "100",
            "missing_lines": 0,
            "excluded_lines": 0
          },
          "missing_lines": [],
          "excluded_lines": []
        }
      },
      "classes": {
        "UserRole": {
          "executed_lines": [],
          "summary": {
            "covered_lines": 0,
            "num_statements": 2,
            "percent_covered": 0.0,
            "percent_covered_display": "0",
            "missing_lines": 2,
            "excluded_lines": 0
          },
          "missing_lines": [52, 65],
          "excluded_lines": []
        },
        "": {
          "executed_lines": [1, 14, 15, 18, 19, 20, 21, 22, 24, 25, 36, 37, 38, 40, 41, 68],
          "summary": {
            "covered_lines": 14,
            "num_statements": 14,
            "percent_covered": 100.0,
            "percent_covered_display": "100",
            "missing_lines": 0,
            "excluded_lines": 0
          },
          "missing_lines": [],
          "excluded_lines": []
        }
      }
    },
    "backend\\models\\market_data.py": {
      "executed_lines": [
        1, 28, 29, 30, 32, 33, 35, 38, 39, 62, 65, 66, 69, 70, 73, 74, 75, 78, 79, 82, 85, 91, 93,
        95, 108, 121, 122, 135, 136, 137, 140, 141, 163, 166, 167, 168, 169, 172, 173, 174, 177,
        178, 181, 188, 190, 192, 205
      ],
      "summary": {
        "covered_lines": 44,
        "num_statements": 44,
        "percent_covered": 100.0,
        "percent_covered_display": "100",
        "missing_lines": 0,
        "excluded_lines": 0
      },
      "missing_lines": [],
      "excluded_lines": [],
      "functions": {
        "MarketData.__repr__": {
          "executed_lines": [93],
          "summary": {
            "covered_lines": 1,
            "num_statements": 1,
            "percent_covered": 100.0,
            "percent_covered_display": "100",
            "missing_lines": 0,
            "excluded_lines": 0
          },
          "missing_lines": [],
          "excluded_lines": []
        },
        "MarketData.to_dict": {
          "executed_lines": [108],
          "summary": {
            "covered_lines": 1,
            "num_statements": 1,
            "percent_covered": 100.0,
            "percent_covered_display": "100",
            "missing_lines": 0,
            "excluded_lines": 0
          },
          "missing_lines": [],
          "excluded_lines": []
        },
        "MarketData.mid_price": {
          "executed_lines": [135, 136, 137],
          "summary": {
            "covered_lines": 3,
            "num_statements": 3,
            "percent_covered": 100.0,
            "percent_covered_display": "100",
            "missing_lines": 0,
            "excluded_lines": 0
          },
          "missing_lines": [],
          "excluded_lines": []
        },
        "OrderBookLevel2.__repr__": {
          "executed_lines": [190],
          "summary": {
            "covered_lines": 1,
            "num_statements": 1,
            "percent_covered": 100.0,
            "percent_covered_display": "100",
            "missing_lines": 0,
            "excluded_lines": 0
          },
          "missing_lines": [],
          "excluded_lines": []
        },
        "OrderBookLevel2.to_dict": {
          "executed_lines": [205],
          "summary": {
            "covered_lines": 1,
            "num_statements": 1,
            "percent_covered": 100.0,
            "percent_covered_display": "100",
            "missing_lines": 0,
            "excluded_lines": 0
          },
          "missing_lines": [],
          "excluded_lines": []
        },
        "": {
          "executed_lines": [
            1, 28, 29, 30, 32, 33, 35, 38, 39, 62, 65, 66, 69, 70, 73, 74, 75, 78, 79, 82, 85, 91,
            95, 121, 122, 140, 141, 163, 166, 167, 168, 169, 172, 173, 174, 177, 178, 181, 188, 192
          ],
          "summary": {
            "covered_lines": 37,
            "num_statements": 37,
            "percent_covered": 100.0,
            "percent_covered_display": "100",
            "missing_lines": 0,
            "excluded_lines": 0
          },
          "missing_lines": [],
          "excluded_lines": []
        }
      },
      "classes": {
        "MarketData": {
          "executed_lines": [93, 108, 135, 136, 137],
          "summary": {
            "covered_lines": 5,
            "num_statements": 5,
            "percent_covered": 100.0,
            "percent_covered_display": "100",
            "missing_lines": 0,
            "excluded_lines": 0
          },
          "missing_lines": [],
          "excluded_lines": []
        },
        "OrderBookLevel2": {
          "executed_lines": [190, 205],
          "summary": {
            "covered_lines": 2,
            "num_statements": 2,
            "percent_covered": 100.0,
            "percent_covered_display": "100",
            "missing_lines": 0,
            "excluded_lines": 0
          },
          "missing_lines": [],
          "excluded_lines": []
        },
        "": {
          "executed_lines": [
            1, 28, 29, 30, 32, 33, 35, 38, 39, 62, 65, 66, 69, 70, 73, 74, 75, 78, 79, 82, 85, 91,
            95, 121, 122, 140, 141, 163, 166, 167, 168, 169, 172, 173, 174, 177, 178, 181, 188, 192
          ],
          "summary": {
            "covered_lines": 37,
            "num_statements": 37,
            "percent_covered": 100.0,
            "percent_covered_display": "100",
            "missing_lines": 0,
            "excluded_lines": 0
          },
          "missing_lines": [],
          "excluded_lines": []
        }
      }
    },
    "backend\\models\\position.py": {
      "executed_lines": [
        1, 28, 29, 30, 32, 33, 35, 38, 39, 63, 66, 69, 70, 71, 74, 75, 76, 79, 80, 83, 84, 86, 90,
        117, 118, 131, 133, 134, 147, 149, 150, 163, 165, 178, 180, 183, 184, 185, 186, 191, 192,
        193, 196, 198, 213, 216, 217, 218, 219, 222, 224, 226, 227, 228, 230, 233, 234, 237, 239,
        240, 242, 243, 246, 247, 258, 259, 260, 263, 265
      ],
      "summary": {
        "covered_lines": 67,
        "num_statements": 74,
        "percent_covered": 90.54054054054055,
        "percent_covered_display": "91",
        "missing_lines": 7,
        "excluded_lines": 0
      },
      "missing_lines": [88, 103, 188, 250, 253, 254, 255],
      "excluded_lines": [],
      "functions": {
        "Position.__repr__": {
          "executed_lines": [],
          "summary": {
            "covered_lines": 0,
            "num_statements": 1,
            "percent_covered": 0.0,
            "percent_covered_display": "0",
            "missing_lines": 1,
            "excluded_lines": 0
          },
          "missing_lines": [88],
          "excluded_lines": []
        },
        "Position.to_dict": {
          "executed_lines": [],
          "summary": {
            "covered_lines": 0,
            "num_statements": 1,
            "percent_covered": 0.0,
            "percent_covered_display": "0",
            "missing_lines": 1,
            "excluded_lines": 0
          },
          "missing_lines": [103],
          "excluded_lines": []
        },
        "Position.is_long": {
          "executed_lines": [131],
          "summary": {
            "covered_lines": 1,
            "num_statements": 1,
            "percent_covered": 100.0,
            "percent_covered_display": "100",
            "missing_lines": 0,
            "excluded_lines": 0
          },
          "missing_lines": [],
          "excluded_lines": []
        },
        "Position.is_short": {
          "executed_lines": [147],
          "summary": {
            "covered_lines": 1,
            "num_statements": 1,
            "percent_covered": 100.0,
            "percent_covered_display": "100",
            "missing_lines": 0,
            "excluded_lines": 0
          },
          "missing_lines": [],
          "excluded_lines": []
        },
        "Position.is_flat": {
          "executed_lines": [163],
          "summary": {
            "covered_lines": 1,
            "num_statements": 1,
            "percent_covered": 100.0,
            "percent_covered_display": "100",
            "missing_lines": 0,
            "excluded_lines": 0
          },
          "missing_lines": [],
          "excluded_lines": []
        },
        "Position.update_market_value": {
          "executed_lines": [178, 180, 183, 184, 185, 186, 191, 192, 193, 196],
          "summary": {
            "covered_lines": 10,
            "num_statements": 11,
            "percent_covered": 90.9090909090909,
            "percent_covered_display": "91",
            "missing_lines": 1,
            "excluded_lines": 0
          },
          "missing_lines": [188],
          "excluded_lines": []
        },
        "Position.add_trade": {
          "executed_lines": [
            213, 216, 217, 218, 219, 222, 224, 226, 227, 228, 230, 233, 234, 237, 239, 240, 242,
            243, 246, 247, 258, 259, 260, 263, 265
          ],
          "summary": {
            "covered_lines": 25,
            "num_statements": 29,
            "percent_covered": 86.20689655172414,
            "percent_covered_display": "86",
            "missing_lines": 4,
            "excluded_lines": 0
          },
          "missing_lines": [250, 253, 254, 255],
          "excluded_lines": []
        },
        "": {
          "executed_lines": [
            1, 28, 29, 30, 32, 33, 35, 38, 39, 63, 66, 69, 70, 71, 74, 75, 76, 79, 80, 83, 84, 86,
            90, 117, 118, 133, 134, 149, 150, 165, 198
          ],
          "summary": {
            "covered_lines": 29,
            "num_statements": 29,
            "percent_covered": 100.0,
            "percent_covered_display": "100",
            "missing_lines": 0,
            "excluded_lines": 0
          },
          "missing_lines": [],
          "excluded_lines": []
        }
      },
      "classes": {
        "Position": {
          "executed_lines": [
            131, 147, 163, 178, 180, 183, 184, 185, 186, 191, 192, 193, 196, 213, 216, 217, 218,
            219, 222, 224, 226, 227, 228, 230, 233, 234, 237, 239, 240, 242, 243, 246, 247, 258,
            259, 260, 263, 265
          ],
          "summary": {
            "covered_lines": 38,
            "num_statements": 45,
            "percent_covered": 84.44444444444444,
            "percent_covered_display": "84",
            "missing_lines": 7,
            "excluded_lines": 0
          },
          "missing_lines": [88, 103, 188, 250, 253, 254, 255],
          "excluded_lines": []
        },
        "": {
          "executed_lines": [
            1, 28, 29, 30, 32, 33, 35, 38, 39, 63, 66, 69, 70, 71, 74, 75, 76, 79, 80, 83, 84, 86,
            90, 117, 118, 133, 134, 149, 150, 165, 198
          ],
          "summary": {
            "covered_lines": 29,
            "num_statements": 29,
            "percent_covered": 100.0,
            "percent_covered_display": "100",
            "missing_lines": 0,
            "excluded_lines": 0
          },
          "missing_lines": [],
          "excluded_lines": []
        }
      }
    },
    "backend\\models\\signal.py": {
      "executed_lines": [
        1, 28, 29, 30, 32, 33, 35, 38, 39, 70, 73, 76, 77, 78, 81, 82, 83, 84, 87, 88, 89, 92, 93,
        96, 97, 98, 101, 102, 103, 106, 107, 108, 111, 119, 121, 123, 136, 161, 162, 175, 177, 178,
        191, 193, 194, 207, 209, 210, 223, 225, 239, 240, 241, 242, 244, 257, 258, 261, 263, 264,
        265, 266, 268, 271, 274, 275, 277, 278, 280, 294, 295, 297, 298, 300, 301, 303, 304, 307,
        308, 309, 311
      ],
      "summary": {
        "covered_lines": 79,
        "num_statements": 79,
        "percent_covered": 100.0,
        "percent_covered_display": "100",
        "missing_lines": 0,
        "excluded_lines": 0
      },
      "missing_lines": [],
      "excluded_lines": [],
      "functions": {
        "Signal.__repr__": {
          "executed_lines": [121],
          "summary": {
            "covered_lines": 1,
            "num_statements": 1,
            "percent_covered": 100.0,
            "percent_covered_display": "100",
            "missing_lines": 0,
            "excluded_lines": 0
          },
          "missing_lines": [],
          "excluded_lines": []
        },
        "Signal.to_dict": {
          "executed_lines": [136],
          "summary": {
            "covered_lines": 1,
            "num_statements": 1,
            "percent_covered": 100.0,
            "percent_covered_display": "100",
            "missing_lines": 0,
            "excluded_lines": 0
          },
          "missing_lines": [],
          "excluded_lines": []
        },
        "Signal.is_long": {
          "executed_lines": [175],
          "summary": {
            "covered_lines": 1,
            "num_statements": 1,
            "percent_covered": 100.0,
            "percent_covered_display": "100",
            "missing_lines": 0,
            "excluded_lines": 0
          },
          "missing_lines": [],
          "excluded_lines": []
        },
        "Signal.is_short": {
          "executed_lines": [191],
          "summary": {
            "covered_lines": 1,
            "num_statements": 1,
            "percent_covered": 100.0,
            "percent_covered_display": "100",
            "missing_lines": 0,
            "excluded_lines": 0
          },
          "missing_lines": [],
          "excluded_lines": []
        },
        "Signal.is_strong": {
          "executed_lines": [207],
          "summary": {
            "covered_lines": 1,
            "num_statements": 1,
            "percent_covered": 100.0,
            "percent_covered_display": "100",
            "missing_lines": 0,
            "excluded_lines": 0
          },
          "missing_lines": [],
          "excluded_lines": []
        },
        "Signal.is_high_confidence": {
          "executed_lines": [223],
          "summary": {
            "covered_lines": 1,
            "num_statements": 1,
            "percent_covered": 100.0,
            "percent_covered_display": "100",
            "missing_lines": 0,
            "excluded_lines": 0
          },
          "missing_lines": [],
          "excluded_lines": []
        },
        "Signal.mark_executed": {
          "executed_lines": [239, 240, 241, 242],
          "summary": {
            "covered_lines": 4,
            "num_statements": 4,
            "percent_covered": 100.0,
            "percent_covered_display": "100",
            "missing_lines": 0,
            "excluded_lines": 0
          },
          "missing_lines": [],
          "excluded_lines": []
        },
        "Signal.update_performance": {
          "executed_lines": [257, 258, 261, 263, 264, 265, 266, 268, 271, 274, 275, 277, 278],
          "summary": {
            "covered_lines": 13,
            "num_statements": 13,
            "percent_covered": 100.0,
            "percent_covered_display": "100",
            "missing_lines": 0,
            "excluded_lines": 0
          },
          "missing_lines": [],
          "excluded_lines": []
        },
        "Signal.validate_signal": {
          "executed_lines": [294, 295, 297, 298, 300, 301, 303, 304, 307, 308, 309, 311],
          "summary": {
            "covered_lines": 12,
            "num_statements": 12,
            "percent_covered": 100.0,
            "percent_covered_display": "100",
            "missing_lines": 0,
            "excluded_lines": 0
          },
          "missing_lines": [],
          "excluded_lines": []
        },
        "": {
          "executed_lines": [
            1, 28, 29, 30, 32, 33, 35, 38, 39, 70, 73, 76, 77, 78, 81, 82, 83, 84, 87, 88, 89, 92,
            93, 96, 97, 98, 101, 102, 103, 106, 107, 108, 111, 119, 123, 161, 162, 177, 178, 193,
            194, 209, 210, 225, 244, 280
          ],
          "summary": {
            "covered_lines": 44,
            "num_statements": 44,
            "percent_covered": 100.0,
            "percent_covered_display": "100",
            "missing_lines": 0,
            "excluded_lines": 0
          },
          "missing_lines": [],
          "excluded_lines": []
        }
      },
      "classes": {
        "Signal": {
          "executed_lines": [
            121, 136, 175, 191, 207, 223, 239, 240, 241, 242, 257, 258, 261, 263, 264, 265, 266,
            268, 271, 274, 275, 277, 278, 294, 295, 297, 298, 300, 301, 303, 304, 307, 308, 309, 311
          ],
          "summary": {
            "covered_lines": 35,
            "num_statements": 35,
            "percent_covered": 100.0,
            "percent_covered_display": "100",
            "missing_lines": 0,
            "excluded_lines": 0
          },
          "missing_lines": [],
          "excluded_lines": []
        },
        "": {
          "executed_lines": [
            1, 28, 29, 30, 32, 33, 35, 38, 39, 70, 73, 76, 77, 78, 81, 82, 83, 84, 87, 88, 89, 92,
            93, 96, 97, 98, 101, 102, 103, 106, 107, 108, 111, 119, 123, 161, 162, 177, 178, 193,
            194, 209, 210, 225, 244, 280
          ],
          "summary": {
            "covered_lines": 44,
            "num_statements": 44,
            "percent_covered": 100.0,
            "percent_covered_display": "100",
            "missing_lines": 0,
            "excluded_lines": 0
          },
          "missing_lines": [],
          "excluded_lines": []
        }
      }
    },
    "backend\\models\\trade.py": {
      "executed_lines": [
        1, 28, 29, 30, 32, 33, 35, 38, 39, 69, 72, 75, 76, 79, 80, 81, 82, 85, 86, 89, 90, 91, 94,
        95, 98, 101, 102, 103, 106, 113, 115, 117, 130, 151, 152, 165, 167, 168, 181, 183, 184, 197,
        199, 210, 211, 213, 227, 228, 230, 231, 233, 234, 236, 237, 240, 241, 244
      ],
      "summary": {
        "covered_lines": 55,
        "num_statements": 56,
        "percent_covered": 98.21428571428571,
        "percent_covered_display": "98",
        "missing_lines": 1,
        "excluded_lines": 0
      },
      "missing_lines": [242],
      "excluded_lines": [],
      "functions": {
        "Trade.__repr__": {
          "executed_lines": [115],
          "summary": {
            "covered_lines": 1,
            "num_statements": 1,
            "percent_covered": 100.0,
            "percent_covered_display": "100",
            "missing_lines": 0,
            "excluded_lines": 0
          },
          "missing_lines": [],
          "excluded_lines": []
        },
        "Trade.to_dict": {
          "executed_lines": [130],
          "summary": {
            "covered_lines": 1,
            "num_statements": 1,
            "percent_covered": 100.0,
            "percent_covered_display": "100",
            "missing_lines": 0,
            "excluded_lines": 0
          },
          "missing_lines": [],
          "excluded_lines": []
        },
        "Trade.is_buy": {
          "executed_lines": [165],
          "summary": {
            "covered_lines": 1,
            "num_statements": 1,
            "percent_covered": 100.0,
            "percent_covered_display": "100",
            "missing_lines": 0,
            "excluded_lines": 0
          },
          "missing_lines": [],
          "excluded_lines": []
        },
        "Trade.is_sell": {
          "executed_lines": [181],
          "summary": {
            "covered_lines": 1,
            "num_statements": 1,
            "percent_covered": 100.0,
            "percent_covered_display": "100",
            "missing_lines": 0,
            "excluded_lines": 0
          },
          "missing_lines": [],
          "excluded_lines": []
        },
        "Trade.net_amount": {
          "executed_lines": [197],
          "summary": {
            "covered_lines": 1,
            "num_statements": 1,
            "percent_covered": 100.0,
            "percent_covered_display": "100",
            "missing_lines": 0,
            "excluded_lines": 0
          },
          "missing_lines": [],
          "excluded_lines": []
        },
        "Trade.calculate_notional": {
          "executed_lines": [210, 211],
          "summary": {
            "covered_lines": 2,
            "num_statements": 2,
            "percent_covered": 100.0,
            "percent_covered_display": "100",
            "missing_lines": 0,
            "excluded_lines": 0
          },
          "missing_lines": [],
          "excluded_lines": []
        },
        "Trade.validate_trade": {
          "executed_lines": [227, 228, 230, 231, 233, 234, 236, 237, 240, 241, 244],
          "summary": {
            "covered_lines": 11,
            "num_statements": 12,
            "percent_covered": 91.66666666666667,
            "percent_covered_display": "92",
            "missing_lines": 1,
            "excluded_lines": 0
          },
          "missing_lines": [242],
          "excluded_lines": []
        },
        "": {
          "executed_lines": [
            1, 28, 29, 30, 32, 33, 35, 38, 39, 69, 72, 75, 76, 79, 80, 81, 82, 85, 86, 89, 90, 91,
            94, 95, 98, 101, 102, 103, 106, 113, 117, 151, 152, 167, 168, 183, 184, 199, 213
          ],
          "summary": {
            "covered_lines": 37,
            "num_statements": 37,
            "percent_covered": 100.0,
            "percent_covered_display": "100",
            "missing_lines": 0,
            "excluded_lines": 0
          },
          "missing_lines": [],
          "excluded_lines": []
        }
      },
      "classes": {
        "Trade": {
          "executed_lines": [
            115, 130, 165, 181, 197, 210, 211, 227, 228, 230, 231, 233, 234, 236, 237, 240, 241, 244
          ],
          "summary": {
            "covered_lines": 18,
            "num_statements": 19,
            "percent_covered": 94.73684210526316,
            "percent_covered_display": "95",
            "missing_lines": 1,
            "excluded_lines": 0
          },
          "missing_lines": [242],
          "excluded_lines": []
        },
        "": {
          "executed_lines": [
            1, 28, 29, 30, 32, 33, 35, 38, 39, 69, 72, 75, 76, 79, 80, 81, 82, 85, 86, 89, 90, 91,
            94, 95, 98, 101, 102, 103, 106, 113, 117, 151, 152, 167, 168, 183, 184, 199, 213
          ],
          "summary": {
            "covered_lines": 37,
            "num_statements": 37,
            "percent_covered": 100.0,
            "percent_covered_display": "100",
            "missing_lines": 0,
            "excluded_lines": 0
          },
          "missing_lines": [],
          "excluded_lines": []
        }
      }
    },
    "backend\\models\\user.py": {
      "executed_lines": [
        1, 28, 29, 31, 32, 34, 37, 38, 62, 65, 68, 69, 70, 73, 74, 75, 78, 79, 80, 81, 84, 85, 87,
        91, 126, 147
      ],
      "summary": {
        "covered_lines": 24,
        "num_statements": 33,
        "percent_covered": 72.72727272727273,
        "percent_covered_display": "73",
        "missing_lines": 9,
        "excluded_lines": 0
      },
      "missing_lines": [89, 105, 117, 118, 124, 141, 142, 145, 160],
      "excluded_lines": [],
      "functions": {
        "User.__repr__": {
          "executed_lines": [],
          "summary": {
            "covered_lines": 0,
            "num_statements": 1,
            "percent_covered": 0.0,
            "percent_covered_display": "0",
            "missing_lines": 1,
            "excluded_lines": 0
          },
          "missing_lines": [89],
          "excluded_lines": []
        },
        "User.to_dict": {
          "executed_lines": [],
          "summary": {
            "covered_lines": 0,
            "num_statements": 4,
            "percent_covered": 0.0,
            "percent_covered_display": "0",
            "missing_lines": 4,
            "excluded_lines": 0
          },
          "missing_lines": [105, 117, 118, 124],
          "excluded_lines": []
        },
        "User.has_permission": {
          "executed_lines": [],
          "summary": {
            "covered_lines": 0,
            "num_statements": 3,
            "percent_covered": 0.0,
            "percent_covered_display": "0",
            "missing_lines": 3,
            "excluded_lines": 0
          },
          "missing_lines": [141, 142, 145],
          "excluded_lines": []
        },
        "User.can_trade": {
          "executed_lines": [],
          "summary": {
            "covered_lines": 0,
            "num_statements": 1,
            "percent_covered": 0.0,
            "percent_covered_display": "0",
            "missing_lines": 1,
            "excluded_lines": 0
          },
          "missing_lines": [160],
          "excluded_lines": []
        },
        "": {
          "executed_lines": [
            1, 28, 29, 31, 32, 34, 37, 38, 62, 65, 68, 69, 70, 73, 74, 75, 78, 79, 80, 81, 84, 85,
            87, 91, 126, 147
          ],
          "summary": {
            "covered_lines": 24,
            "num_statements": 24,
            "percent_covered": 100.0,
            "percent_covered_display": "100",
            "missing_lines": 0,
            "excluded_lines": 0
          },
          "missing_lines": [],
          "excluded_lines": []
        }
      },
      "classes": {
        "User": {
          "executed_lines": [],
          "summary": {
            "covered_lines": 0,
            "num_statements": 9,
            "percent_covered": 0.0,
            "percent_covered_display": "0",
            "missing_lines": 9,
            "excluded_lines": 0
          },
          "missing_lines": [89, 105, 117, 118, 124, 141, 142, 145, 160],
          "excluded_lines": []
        },
        "": {
          "executed_lines": [
            1, 28, 29, 31, 32, 34, 37, 38, 62, 65, 68, 69, 70, 73, 74, 75, 78, 79, 80, 81, 84, 85,
            87, 91, 126, 147
          ],
          "summary": {
            "covered_lines": 24,
            "num_statements": 24,
            "percent_covered": 100.0,
            "percent_covered_display": "100",
            "missing_lines": 0,
            "excluded_lines": 0
          },
          "missing_lines": [],
          "excluded_lines": []
        }
      }
    }
  },
  "totals": {
    "covered_lines": 283,
    "num_statements": 302,
    "percent_covered": 93.70860927152317,
    "percent_covered_display": "94",
    "missing_lines": 19,
    "excluded_lines": 0
  }
}
