{
  "meta": {
    "format": 3,
    "version": "7.9.1",
    "timestamp": "2025-07-02T04:26:52.786729",
    "branch_coverage": false,
    "show_contexts": false
  },
  "files": {
    "__init__.py": {
      "executed_lines": [],
      "summary": {
        "covered_lines": 0,
        "num_statements": 0,
        "percent_covered": 100.0,
        "percent_covered_display": "100",
        "missing_lines": 0,
        "excluded_lines": 0
      },
      "missing_lines": [],
      "excluded_lines": [],
      "functions": {
        "": {
          "executed_lines": [],
          "summary": {
            "covered_lines": 0,
            "num_statements": 0,
            "percent_covered": 100.0,
            "percent_covered_display": "100",
            "missing_lines": 0,
            "excluded_lines": 0
          },
          "missing_lines": [],
          "excluded_lines": []
        }
      },
      "classes": {
        "": {
          "executed_lines": [],
          "summary": {
            "covered_lines": 0,
            "num_statements": 0,
            "percent_covered": 100.0,
            "percent_covered_display": "100",
            "missing_lines": 0,
            "excluded_lines": 0
          },
          "missing_lines": [],
          "excluded_lines": []
        }
      }
    },
    "api\\__init__.py": {
      "executed_lines": [],
      "summary": {
        "covered_lines": 0,
        "num_statements": 0,
        "percent_covered": 100.0,
        "percent_covered_display": "100",
        "missing_lines": 0,
        "excluded_lines": 0
      },
      "missing_lines": [],
      "excluded_lines": [],
      "functions": {
        "": {
          "executed_lines": [],
          "summary": {
            "covered_lines": 0,
            "num_statements": 0,
            "percent_covered": 100.0,
            "percent_covered_display": "100",
            "missing_lines": 0,
            "excluded_lines": 0
          },
          "missing_lines": [],
          "excluded_lines": []
        }
      },
      "classes": {
        "": {
          "executed_lines": [],
          "summary": {
            "covered_lines": 0,
            "num_statements": 0,
            "percent_covered": 100.0,
            "percent_covered_display": "100",
            "missing_lines": 0,
            "excluded_lines": 0
          },
          "missing_lines": [],
          "excluded_lines": []
        }
      }
    },
    "api\\auth.py": {
      "executed_lines": [],
      "summary": {
        "covered_lines": 0,
        "num_statements": 130,
        "percent_covered": 0.0,
        "percent_covered_display": "0",
        "missing_lines": 130,
        "excluded_lines": 0
      },
      "missing_lines": [
        30, 31, 32, 33, 35, 36, 37, 38, 39, 40, 42, 43, 49, 50, 51, 52, 55, 58, 59, 60, 61, 64, 65,
        68, 69, 72, 78, 87, 88, 89, 91, 99, 100, 101, 102, 104, 112, 113, 114, 120, 135, 137, 151,
        153, 168, 170, 171, 173, 175, 181, 182, 184, 199, 200, 203, 204, 207, 208, 209, 211, 213,
        214, 216, 231, 233, 235, 238, 240, 247, 249, 250, 251, 254, 255, 256, 259, 261, 266, 267,
        270, 278, 287, 289, 290, 291, 294, 304, 310, 325, 326, 327, 330, 338, 340, 341, 347, 361,
        362, 364, 365, 374, 379, 381, 387, 388, 414, 416, 418, 420, 428, 434, 438, 445, 448, 458,
        470, 471, 472, 473, 474, 479, 480, 498, 509, 510, 529, 537, 545, 546, 564
      ],
      "excluded_lines": [],
      "functions": {
        "verify_password": {
          "executed_lines": [],
          "summary": {
            "covered_lines": 0,
            "num_statements": 1,
            "percent_covered": 0.0,
            "percent_covered_display": "0",
            "missing_lines": 1,
            "excluded_lines": 0
          },
          "missing_lines": [135],
          "excluded_lines": []
        },
        "get_password_hash": {
          "executed_lines": [],
          "summary": {
            "covered_lines": 0,
            "num_statements": 1,
            "percent_covered": 0.0,
            "percent_covered_display": "0",
            "missing_lines": 1,
            "excluded_lines": 0
          },
          "missing_lines": [151],
          "excluded_lines": []
        },
        "create_access_token": {
          "executed_lines": [],
          "summary": {
            "covered_lines": 0,
            "num_statements": 7,
            "percent_covered": 0.0,
            "percent_covered_display": "0",
            "missing_lines": 7,
            "excluded_lines": 0
          },
          "missing_lines": [168, 170, 171, 173, 175, 181, 182],
          "excluded_lines": []
        },
        "verify_token": {
          "executed_lines": [],
          "summary": {
            "covered_lines": 0,
            "num_statements": 10,
            "percent_covered": 0.0,
            "percent_covered_display": "0",
            "missing_lines": 10,
            "excluded_lines": 0
          },
          "missing_lines": [199, 200, 203, 204, 207, 208, 209, 211, 213, 214],
          "excluded_lines": []
        },
        "authenticate_user": {
          "executed_lines": [],
          "summary": {
            "covered_lines": 0,
            "num_statements": 24,
            "percent_covered": 0.0,
            "percent_covered_display": "0",
            "missing_lines": 24,
            "excluded_lines": 0
          },
          "missing_lines": [
            231, 233, 235, 238, 240, 247, 249, 250, 251, 254, 255, 256, 259, 261, 266, 267, 270,
            278, 287, 289, 290, 291, 294, 304
          ],
          "excluded_lines": []
        },
        "get_current_user": {
          "executed_lines": [],
          "summary": {
            "covered_lines": 0,
            "num_statements": 7,
            "percent_covered": 0.0,
            "percent_covered_display": "0",
            "missing_lines": 7,
            "excluded_lines": 0
          },
          "missing_lines": [325, 326, 327, 330, 338, 340, 341],
          "excluded_lines": []
        },
        "require_permission": {
          "executed_lines": [],
          "summary": {
            "covered_lines": 0,
            "num_statements": 2,
            "percent_covered": 0.0,
            "percent_covered_display": "0",
            "missing_lines": 2,
            "excluded_lines": 0
          },
          "missing_lines": [361, 381],
          "excluded_lines": []
        },
        "require_permission.permission_checker": {
          "executed_lines": [],
          "summary": {
            "covered_lines": 0,
            "num_statements": 5,
            "percent_covered": 0.0,
            "percent_covered_display": "0",
            "missing_lines": 5,
            "excluded_lines": 0
          },
          "missing_lines": [362, 364, 365, 374, 379],
          "excluded_lines": []
        },
        "login": {
          "executed_lines": [],
          "summary": {
            "covered_lines": 0,
            "num_statements": 15,
            "percent_covered": 0.0,
            "percent_covered_display": "0",
            "missing_lines": 15,
            "excluded_lines": 0
          },
          "missing_lines": [
            414, 416, 418, 420, 428, 434, 438, 445, 448, 458, 470, 471, 472, 473, 474
          ],
          "excluded_lines": []
        },
        "validate_token": {
          "executed_lines": [],
          "summary": {
            "covered_lines": 0,
            "num_statements": 1,
            "percent_covered": 0.0,
            "percent_covered_display": "0",
            "missing_lines": 1,
            "excluded_lines": 0
          },
          "missing_lines": [498],
          "excluded_lines": []
        },
        "logout": {
          "executed_lines": [],
          "summary": {
            "covered_lines": 0,
            "num_statements": 2,
            "percent_covered": 0.0,
            "percent_covered_display": "0",
            "missing_lines": 2,
            "excluded_lines": 0
          },
          "missing_lines": [529, 537],
          "excluded_lines": []
        },
        "get_me": {
          "executed_lines": [],
          "summary": {
            "covered_lines": 0,
            "num_statements": 1,
            "percent_covered": 0.0,
            "percent_covered_display": "0",
            "missing_lines": 1,
            "excluded_lines": 0
          },
          "missing_lines": [564],
          "excluded_lines": []
        },
        "": {
          "executed_lines": [],
          "summary": {
            "covered_lines": 0,
            "num_statements": 54,
            "percent_covered": 0.0,
            "percent_covered_display": "0",
            "missing_lines": 54,
            "excluded_lines": 0
          },
          "missing_lines": [
            30, 31, 32, 33, 35, 36, 37, 38, 39, 40, 42, 43, 49, 50, 51, 52, 55, 58, 59, 60, 61, 64,
            65, 68, 69, 72, 78, 87, 88, 89, 91, 99, 100, 101, 102, 104, 112, 113, 114, 120, 137,
            153, 184, 216, 310, 347, 387, 388, 479, 480, 509, 510, 545, 546
          ],
          "excluded_lines": []
        }
      },
      "classes": {
        "LoginRequest": {
          "executed_lines": [],
          "summary": {
            "covered_lines": 0,
            "num_statements": 0,
            "percent_covered": 100.0,
            "percent_covered_display": "100",
            "missing_lines": 0,
            "excluded_lines": 0
          },
          "missing_lines": [],
          "excluded_lines": []
        },
        "LoginResponse": {
          "executed_lines": [],
          "summary": {
            "covered_lines": 0,
            "num_statements": 0,
            "percent_covered": 100.0,
            "percent_covered_display": "100",
            "missing_lines": 0,
            "excluded_lines": 0
          },
          "missing_lines": [],
          "excluded_lines": []
        },
        "TokenValidationResponse": {
          "executed_lines": [],
          "summary": {
            "covered_lines": 0,
            "num_statements": 0,
            "percent_covered": 100.0,
            "percent_covered_display": "100",
            "missing_lines": 0,
            "excluded_lines": 0
          },
          "missing_lines": [],
          "excluded_lines": []
        },
        "": {
          "executed_lines": [],
          "summary": {
            "covered_lines": 0,
            "num_statements": 130,
            "percent_covered": 0.0,
            "percent_covered_display": "0",
            "missing_lines": 130,
            "excluded_lines": 0
          },
          "missing_lines": [
            30, 31, 32, 33, 35, 36, 37, 38, 39, 40, 42, 43, 49, 50, 51, 52, 55, 58, 59, 60, 61, 64,
            65, 68, 69, 72, 78, 87, 88, 89, 91, 99, 100, 101, 102, 104, 112, 113, 114, 120, 135,
            137, 151, 153, 168, 170, 171, 173, 175, 181, 182, 184, 199, 200, 203, 204, 207, 208,
            209, 211, 213, 214, 216, 231, 233, 235, 238, 240, 247, 249, 250, 251, 254, 255, 256,
            259, 261, 266, 267, 270, 278, 287, 289, 290, 291, 294, 304, 310, 325, 326, 327, 330,
            338, 340, 341, 347, 361, 362, 364, 365, 374, 379, 381, 387, 388, 414, 416, 418, 420,
            428, 434, 438, 445, 448, 458, 470, 471, 472, 473, 474, 479, 480, 498, 509, 510, 529,
            537, 545, 546, 564
          ],
          "excluded_lines": []
        }
      }
    },
    "api\\health.py": {
      "executed_lines": [],
      "summary": {
        "covered_lines": 0,
        "num_statements": 99,
        "percent_covered": 0.0,
        "percent_covered_display": "0",
        "missing_lines": 99,
        "excluded_lines": 0
      },
      "missing_lines": [
        30, 31, 32, 33, 34, 35, 36, 38, 39, 41, 42, 48, 49, 55, 72, 74, 75, 78, 81, 84, 86, 120,
        121, 122, 128, 129, 152, 163, 164, 181, 183, 185, 194, 195, 196, 205, 206, 223, 224, 227,
        230, 232, 242, 247, 252, 253, 254, 263, 264, 282, 284, 286, 289, 292, 293, 294, 295, 296,
        299, 300, 301, 302, 303, 304, 305, 307, 308, 310, 328, 333, 335, 340, 341, 342, 352, 353,
        370, 371, 372, 375, 378, 379, 380, 382, 383, 384, 385, 387, 388, 389, 392, 393, 395, 398,
        399, 401, 403, 404, 405
      ],
      "excluded_lines": [],
      "functions": {
        "get_system_info": {
          "executed_lines": [],
          "summary": {
            "covered_lines": 0,
            "num_statements": 10,
            "percent_covered": 0.0,
            "percent_covered_display": "0",
            "missing_lines": 10,
            "excluded_lines": 0
          },
          "missing_lines": [72, 74, 75, 78, 81, 84, 86, 120, 121, 122],
          "excluded_lines": []
        },
        "health_check": {
          "executed_lines": [],
          "summary": {
            "covered_lines": 0,
            "num_statements": 1,
            "percent_covered": 0.0,
            "percent_covered_display": "0",
            "missing_lines": 1,
            "excluded_lines": 0
          },
          "missing_lines": [152],
          "excluded_lines": []
        },
        "liveness_probe": {
          "executed_lines": [],
          "summary": {
            "covered_lines": 0,
            "num_statements": 6,
            "percent_covered": 0.0,
            "percent_covered_display": "0",
            "missing_lines": 6,
            "excluded_lines": 0
          },
          "missing_lines": [181, 183, 185, 194, 195, 196],
          "excluded_lines": []
        },
        "readiness_probe": {
          "executed_lines": [],
          "summary": {
            "covered_lines": 0,
            "num_statements": 10,
            "percent_covered": 0.0,
            "percent_covered_display": "0",
            "missing_lines": 10,
            "excluded_lines": 0
          },
          "missing_lines": [223, 224, 227, 230, 232, 242, 247, 252, 253, 254],
          "excluded_lines": []
        },
        "detailed_health_check": {
          "executed_lines": [],
          "summary": {
            "covered_lines": 0,
            "num_statements": 25,
            "percent_covered": 0.0,
            "percent_covered_display": "0",
            "missing_lines": 25,
            "excluded_lines": 0
          },
          "missing_lines": [
            282, 284, 286, 289, 292, 293, 294, 295, 296, 299, 300, 301, 302, 303, 304, 305, 307,
            308, 310, 328, 333, 335, 340, 341, 342
          ],
          "excluded_lines": []
        },
        "prometheus_metrics": {
          "executed_lines": [],
          "summary": {
            "covered_lines": 0,
            "num_statements": 23,
            "percent_covered": 0.0,
            "percent_covered_display": "0",
            "missing_lines": 23,
            "excluded_lines": 0
          },
          "missing_lines": [
            370, 371, 372, 375, 378, 379, 380, 382, 383, 384, 385, 387, 388, 389, 392, 393, 395,
            398, 399, 401, 403, 404, 405
          ],
          "excluded_lines": []
        },
        "": {
          "executed_lines": [],
          "summary": {
            "covered_lines": 0,
            "num_statements": 24,
            "percent_covered": 0.0,
            "percent_covered_display": "0",
            "missing_lines": 24,
            "excluded_lines": 0
          },
          "missing_lines": [
            30, 31, 32, 33, 34, 35, 36, 38, 39, 41, 42, 48, 49, 55, 128, 129, 163, 164, 205, 206,
            263, 264, 352, 353
          ],
          "excluded_lines": []
        }
      },
      "classes": {
        "": {
          "executed_lines": [],
          "summary": {
            "covered_lines": 0,
            "num_statements": 99,
            "percent_covered": 0.0,
            "percent_covered_display": "0",
            "missing_lines": 99,
            "excluded_lines": 0
          },
          "missing_lines": [
            30, 31, 32, 33, 34, 35, 36, 38, 39, 41, 42, 48, 49, 55, 72, 74, 75, 78, 81, 84, 86, 120,
            121, 122, 128, 129, 152, 163, 164, 181, 183, 185, 194, 195, 196, 205, 206, 223, 224,
            227, 230, 232, 242, 247, 252, 253, 254, 263, 264, 282, 284, 286, 289, 292, 293, 294,
            295, 296, 299, 300, 301, 302, 303, 304, 305, 307, 308, 310, 328, 333, 335, 340, 341,
            342, 352, 353, 370, 371, 372, 375, 378, 379, 380, 382, 383, 384, 385, 387, 388, 389,
            392, 393, 395, 398, 399, 401, 403, 404, 405
          ],
          "excluded_lines": []
        }
      }
    },
    "database.py": {
      "executed_lines": [],
      "summary": {
        "covered_lines": 0,
        "num_statements": 122,
        "percent_covered": 0.0,
        "percent_covered_display": "0",
        "missing_lines": 122,
        "excluded_lines": 0
      },
      "missing_lines": [
        30, 31, 32, 33, 34, 36, 37, 38, 39, 40, 42, 48, 51, 52, 53, 54, 55, 56, 59, 60, 61, 68, 69,
        72, 73, 74, 80, 99, 101, 113, 119, 128, 130, 131, 132, 134, 153, 154, 169, 170, 172, 173,
        174, 176, 191, 193, 196, 199, 201, 203, 204, 205, 207, 224, 226, 227, 228, 231, 232, 233,
        235, 237, 238, 240, 258, 260, 261, 262, 265, 269, 270, 272, 275, 276, 277, 278, 280, 281,
        282, 288, 289, 313, 314, 316, 317, 318, 319, 320, 321, 322, 324, 326, 343, 344, 346, 352,
        376, 377, 383, 400, 406, 408, 409, 410, 411, 412, 414, 421, 425, 428, 429, 430, 431, 432,
        434, 439, 443, 445, 446, 447, 448, 450
      ],
      "excluded_lines": [],
      "functions": {
        "create_database_engine": {
          "executed_lines": [],
          "summary": {
            "covered_lines": 0,
            "num_statements": 8,
            "percent_covered": 0.0,
            "percent_covered_display": "0",
            "missing_lines": 8,
            "excluded_lines": 0
          },
          "missing_lines": [99, 101, 113, 119, 128, 130, 131, 132],
          "excluded_lines": []
        },
        "create_connection_pool": {
          "executed_lines": [],
          "summary": {
            "covered_lines": 0,
            "num_statements": 7,
            "percent_covered": 0.0,
            "percent_covered_display": "0",
            "missing_lines": 7,
            "excluded_lines": 0
          },
          "missing_lines": [153, 154, 169, 170, 172, 173, 174],
          "excluded_lines": []
        },
        "get_database_connection": {
          "executed_lines": [],
          "summary": {
            "covered_lines": 0,
            "num_statements": 8,
            "percent_covered": 0.0,
            "percent_covered_display": "0",
            "missing_lines": 8,
            "excluded_lines": 0
          },
          "missing_lines": [191, 193, 196, 199, 201, 203, 204, 205],
          "excluded_lines": []
        },
        "close_database_connection": {
          "executed_lines": [],
          "summary": {
            "covered_lines": 0,
            "num_statements": 10,
            "percent_covered": 0.0,
            "percent_covered_display": "0",
            "missing_lines": 10,
            "excluded_lines": 0
          },
          "missing_lines": [224, 226, 227, 228, 231, 232, 233, 235, 237, 238],
          "excluded_lines": []
        },
        "test_database_connectivity": {
          "executed_lines": [],
          "summary": {
            "covered_lines": 0,
            "num_statements": 15,
            "percent_covered": 0.0,
            "percent_covered_display": "0",
            "missing_lines": 15,
            "excluded_lines": 0
          },
          "missing_lines": [
            258, 260, 261, 262, 265, 269, 270, 272, 275, 276, 277, 278, 280, 281, 282
          ],
          "excluded_lines": []
        },
        "get_async_session": {
          "executed_lines": [],
          "summary": {
            "covered_lines": 0,
            "num_statements": 10,
            "percent_covered": 0.0,
            "percent_covered_display": "0",
            "missing_lines": 10,
            "excluded_lines": 0
          },
          "missing_lines": [313, 314, 316, 317, 318, 319, 320, 321, 322, 324],
          "excluded_lines": []
        },
        "get_raw_connection": {
          "executed_lines": [],
          "summary": {
            "covered_lines": 0,
            "num_statements": 3,
            "percent_covered": 0.0,
            "percent_covered_display": "0",
            "missing_lines": 3,
            "excluded_lines": 0
          },
          "missing_lines": [343, 344, 346],
          "excluded_lines": []
        },
        "get_db_session": {
          "executed_lines": [],
          "summary": {
            "covered_lines": 0,
            "num_statements": 2,
            "percent_covered": 0.0,
            "percent_covered_display": "0",
            "missing_lines": 2,
            "excluded_lines": 0
          },
          "missing_lines": [376, 377],
          "excluded_lines": []
        },
        "check_database_health": {
          "executed_lines": [],
          "summary": {
            "covered_lines": 0,
            "num_statements": 23,
            "percent_covered": 0.0,
            "percent_covered_display": "0",
            "missing_lines": 23,
            "excluded_lines": 0
          },
          "missing_lines": [
            400, 406, 408, 409, 410, 411, 412, 414, 421, 425, 428, 429, 430, 431, 432, 434, 439,
            443, 445, 446, 447, 448, 450
          ],
          "excluded_lines": []
        },
        "": {
          "executed_lines": [],
          "summary": {
            "covered_lines": 0,
            "num_statements": 36,
            "percent_covered": 0.0,
            "percent_covered_display": "0",
            "missing_lines": 36,
            "excluded_lines": 0
          },
          "missing_lines": [
            30, 31, 32, 33, 34, 36, 37, 38, 39, 40, 42, 48, 51, 52, 53, 54, 55, 56, 59, 60, 61, 68,
            69, 72, 73, 74, 80, 134, 176, 207, 240, 288, 289, 326, 352, 383
          ],
          "excluded_lines": []
        }
      },
      "classes": {
        "": {
          "executed_lines": [],
          "summary": {
            "covered_lines": 0,
            "num_statements": 122,
            "percent_covered": 0.0,
            "percent_covered_display": "0",
            "missing_lines": 122,
            "excluded_lines": 0
          },
          "missing_lines": [
            30, 31, 32, 33, 34, 36, 37, 38, 39, 40, 42, 48, 51, 52, 53, 54, 55, 56, 59, 60, 61, 68,
            69, 72, 73, 74, 80, 99, 101, 113, 119, 128, 130, 131, 132, 134, 153, 154, 169, 170, 172,
            173, 174, 176, 191, 193, 196, 199, 201, 203, 204, 205, 207, 224, 226, 227, 228, 231,
            232, 233, 235, 237, 238, 240, 258, 260, 261, 262, 265, 269, 270, 272, 275, 276, 277,
            278, 280, 281, 282, 288, 289, 313, 314, 316, 317, 318, 319, 320, 321, 322, 324, 326,
            343, 344, 346, 352, 376, 377, 383, 400, 406, 408, 409, 410, 411, 412, 414, 421, 425,
            428, 429, 430, 431, 432, 434, 439, 443, 445, 446, 447, 448, 450
          ],
          "excluded_lines": []
        }
      }
    },
    "init_db.py": {
      "executed_lines": [],
      "summary": {
        "covered_lines": 0,
        "num_statements": 139,
        "percent_covered": 0.0,
        "percent_covered_display": "0",
        "missing_lines": 139,
        "excluded_lines": 0
      },
      "missing_lines": [
        28, 29, 30, 31, 32, 34, 35, 36, 39, 41, 42, 43, 44, 45, 46, 49, 53, 56, 57, 58, 59, 60, 61,
        64, 79, 81, 83, 86, 90, 91, 92, 93, 95, 97, 99, 100, 101, 104, 119, 120, 123, 124, 127, 128,
        130, 132, 133, 134, 137, 152, 154, 157, 158, 160, 162, 164, 165, 166, 169, 184, 185, 188,
        189, 194, 195, 196, 199, 200, 205, 206, 207, 209, 211, 212, 213, 216, 231, 232, 235, 240,
        246, 251, 257, 263, 268, 273, 275, 277, 278, 279, 282, 297, 298, 301, 305, 307, 313, 315,
        317, 319, 320, 321, 324, 339, 340, 343, 344, 347, 348, 349, 350, 351, 354, 360, 361, 364,
        365, 367, 369, 371, 372, 373, 376, 391, 393, 395, 398, 401, 404, 407, 410, 413, 415, 416,
        418, 419, 420, 423, 424
      ],
      "excluded_lines": [],
      "functions": {
        "create_database_if_not_exists": {
          "executed_lines": [],
          "summary": {
            "covered_lines": 0,
            "num_statements": 13,
            "percent_covered": 0.0,
            "percent_covered_display": "0",
            "missing_lines": 13,
            "excluded_lines": 0
          },
          "missing_lines": [79, 81, 83, 86, 90, 91, 92, 93, 95, 97, 99, 100, 101],
          "excluded_lines": []
        },
        "setup_timescaledb_extensions": {
          "executed_lines": [],
          "summary": {
            "covered_lines": 0,
            "num_statements": 10,
            "percent_covered": 0.0,
            "percent_covered_display": "0",
            "missing_lines": 10,
            "excluded_lines": 0
          },
          "missing_lines": [119, 120, 123, 124, 127, 128, 130, 132, 133, 134],
          "excluded_lines": []
        },
        "create_tables": {
          "executed_lines": [],
          "summary": {
            "covered_lines": 0,
            "num_statements": 9,
            "percent_covered": 0.0,
            "percent_covered_display": "0",
            "missing_lines": 9,
            "excluded_lines": 0
          },
          "missing_lines": [152, 154, 157, 158, 160, 162, 164, 165, 166],
          "excluded_lines": []
        },
        "create_hypertables": {
          "executed_lines": [],
          "summary": {
            "covered_lines": 0,
            "num_statements": 16,
            "percent_covered": 0.0,
            "percent_covered_display": "0",
            "missing_lines": 16,
            "excluded_lines": 0
          },
          "missing_lines": [
            184, 185, 188, 189, 194, 195, 196, 199, 200, 205, 206, 207, 209, 211, 212, 213
          ],
          "excluded_lines": []
        },
        "create_indexes": {
          "executed_lines": [],
          "summary": {
            "covered_lines": 0,
            "num_statements": 14,
            "percent_covered": 0.0,
            "percent_covered_display": "0",
            "missing_lines": 14,
            "excluded_lines": 0
          },
          "missing_lines": [231, 232, 235, 240, 246, 251, 257, 263, 268, 273, 275, 277, 278, 279],
          "excluded_lines": []
        },
        "seed_initial_data": {
          "executed_lines": [],
          "summary": {
            "covered_lines": 0,
            "num_statements": 11,
            "percent_covered": 0.0,
            "percent_covered_display": "0",
            "missing_lines": 11,
            "excluded_lines": 0
          },
          "missing_lines": [297, 298, 301, 305, 307, 313, 315, 317, 319, 320, 321],
          "excluded_lines": []
        },
        "verify_setup": {
          "executed_lines": [],
          "summary": {
            "covered_lines": 0,
            "num_statements": 19,
            "percent_covered": 0.0,
            "percent_covered_display": "0",
            "missing_lines": 19,
            "excluded_lines": 0
          },
          "missing_lines": [
            339, 340, 343, 344, 347, 348, 349, 350, 351, 354, 360, 361, 364, 365, 367, 369, 371,
            372, 373
          ],
          "excluded_lines": []
        },
        "main": {
          "executed_lines": [],
          "summary": {
            "covered_lines": 0,
            "num_statements": 14,
            "percent_covered": 0.0,
            "percent_covered_display": "0",
            "missing_lines": 14,
            "excluded_lines": 0
          },
          "missing_lines": [391, 393, 395, 398, 401, 404, 407, 410, 413, 415, 416, 418, 419, 420],
          "excluded_lines": []
        },
        "": {
          "executed_lines": [],
          "summary": {
            "covered_lines": 0,
            "num_statements": 33,
            "percent_covered": 0.0,
            "percent_covered_display": "0",
            "missing_lines": 33,
            "excluded_lines": 0
          },
          "missing_lines": [
            28, 29, 30, 31, 32, 34, 35, 36, 39, 41, 42, 43, 44, 45, 46, 49, 53, 56, 57, 58, 59, 60,
            61, 64, 104, 137, 169, 216, 282, 324, 376, 423, 424
          ],
          "excluded_lines": []
        }
      },
      "classes": {
        "": {
          "executed_lines": [],
          "summary": {
            "covered_lines": 0,
            "num_statements": 139,
            "percent_covered": 0.0,
            "percent_covered_display": "0",
            "missing_lines": 139,
            "excluded_lines": 0
          },
          "missing_lines": [
            28, 29, 30, 31, 32, 34, 35, 36, 39, 41, 42, 43, 44, 45, 46, 49, 53, 56, 57, 58, 59, 60,
            61, 64, 79, 81, 83, 86, 90, 91, 92, 93, 95, 97, 99, 100, 101, 104, 119, 120, 123, 124,
            127, 128, 130, 132, 133, 134, 137, 152, 154, 157, 158, 160, 162, 164, 165, 166, 169,
            184, 185, 188, 189, 194, 195, 196, 199, 200, 205, 206, 207, 209, 211, 212, 213, 216,
            231, 232, 235, 240, 246, 251, 257, 263, 268, 273, 275, 277, 278, 279, 282, 297, 298,
            301, 305, 307, 313, 315, 317, 319, 320, 321, 324, 339, 340, 343, 344, 347, 348, 349,
            350, 351, 354, 360, 361, 364, 365, 367, 369, 371, 372, 373, 376, 391, 393, 395, 398,
            401, 404, 407, 410, 413, 415, 416, 418, 419, 420, 423, 424
          ],
          "excluded_lines": []
        }
      }
    },
    "main.py": {
      "executed_lines": [],
      "summary": {
        "covered_lines": 0,
        "num_statements": 88,
        "percent_covered": 0.0,
        "percent_covered_display": "0",
        "missing_lines": 88,
        "excluded_lines": 0
      },
      "missing_lines": [
        31, 32, 33, 34, 35, 36, 38, 39, 40, 41, 42, 43, 44, 47, 48, 49, 50, 51, 52, 59, 60, 61, 64,
        67, 74, 75, 78, 84, 99, 100, 101, 104, 116, 117, 118, 121, 129, 140, 141, 143, 145, 146,
        149, 161, 167, 180, 181, 197, 199, 201, 202, 205, 206, 209, 211, 213, 214, 215, 219, 221,
        223, 224, 227, 228, 230, 232, 233, 239, 254, 257, 266, 272, 273, 284, 295, 297, 309, 310,
        313, 321, 335, 342, 349, 350, 363, 376, 377, 385
      ],
      "excluded_lines": [],
      "functions": {
        "RequestLoggingMiddleware.dispatch": {
          "executed_lines": [],
          "summary": {
            "covered_lines": 0,
            "num_statements": 16,
            "percent_covered": 0.0,
            "percent_covered_display": "0",
            "missing_lines": 16,
            "excluded_lines": 0
          },
          "missing_lines": [
            100, 101, 104, 116, 117, 118, 121, 129, 140, 141, 143, 145, 146, 149, 161, 167
          ],
          "excluded_lines": []
        },
        "lifespan": {
          "executed_lines": [],
          "summary": {
            "covered_lines": 0,
            "num_statements": 20,
            "percent_covered": 0.0,
            "percent_covered_display": "0",
            "missing_lines": 20,
            "excluded_lines": 0
          },
          "missing_lines": [
            197, 199, 201, 202, 205, 206, 209, 211, 213, 214, 215, 219, 221, 223, 224, 227, 228,
            230, 232, 233
          ],
          "excluded_lines": []
        },
        "trading_error_handler": {
          "executed_lines": [],
          "summary": {
            "covered_lines": 0,
            "num_statements": 3,
            "percent_covered": 0.0,
            "percent_covered_display": "0",
            "missing_lines": 3,
            "excluded_lines": 0
          },
          "missing_lines": [284, 295, 297],
          "excluded_lines": []
        },
        "http_exception_handler": {
          "executed_lines": [],
          "summary": {
            "covered_lines": 0,
            "num_statements": 2,
            "percent_covered": 0.0,
            "percent_covered_display": "0",
            "missing_lines": 2,
            "excluded_lines": 0
          },
          "missing_lines": [313, 321],
          "excluded_lines": []
        },
        "root": {
          "executed_lines": [],
          "summary": {
            "covered_lines": 0,
            "num_statements": 1,
            "percent_covered": 0.0,
            "percent_covered_display": "0",
            "missing_lines": 1,
            "excluded_lines": 0
          },
          "missing_lines": [363],
          "excluded_lines": []
        },
        "": {
          "executed_lines": [],
          "summary": {
            "covered_lines": 0,
            "num_statements": 46,
            "percent_covered": 0.0,
            "percent_covered_display": "0",
            "missing_lines": 46,
            "excluded_lines": 0
          },
          "missing_lines": [
            31, 32, 33, 34, 35, 36, 38, 39, 40, 41, 42, 43, 44, 47, 48, 49, 50, 51, 52, 59, 60, 61,
            64, 67, 74, 75, 78, 84, 99, 180, 181, 239, 254, 257, 266, 272, 273, 309, 310, 335, 342,
            349, 350, 376, 377, 385
          ],
          "excluded_lines": []
        }
      },
      "classes": {
        "RequestLoggingMiddleware": {
          "executed_lines": [],
          "summary": {
            "covered_lines": 0,
            "num_statements": 16,
            "percent_covered": 0.0,
            "percent_covered_display": "0",
            "missing_lines": 16,
            "excluded_lines": 0
          },
          "missing_lines": [
            100, 101, 104, 116, 117, 118, 121, 129, 140, 141, 143, 145, 146, 149, 161, 167
          ],
          "excluded_lines": []
        },
        "": {
          "executed_lines": [],
          "summary": {
            "covered_lines": 0,
            "num_statements": 72,
            "percent_covered": 0.0,
            "percent_covered_display": "0",
            "missing_lines": 72,
            "excluded_lines": 0
          },
          "missing_lines": [
            31, 32, 33, 34, 35, 36, 38, 39, 40, 41, 42, 43, 44, 47, 48, 49, 50, 51, 52, 59, 60, 61,
            64, 67, 74, 75, 78, 84, 99, 180, 181, 197, 199, 201, 202, 205, 206, 209, 211, 213, 214,
            215, 219, 221, 223, 224, 227, 228, 230, 232, 233, 239, 254, 257, 266, 272, 273, 284,
            295, 297, 309, 310, 313, 321, 335, 342, 349, 350, 363, 376, 377, 385
          ],
          "excluded_lines": []
        }
      }
    },
    "models\\__init__.py": {
      "executed_lines": [],
      "summary": {
        "covered_lines": 0,
        "num_statements": 6,
        "percent_covered": 0.0,
        "percent_covered_display": "0",
        "missing_lines": 6,
        "excluded_lines": 0
      },
      "missing_lines": [28, 29, 30, 31, 32, 34],
      "excluded_lines": [],
      "functions": {
        "": {
          "executed_lines": [],
          "summary": {
            "covered_lines": 0,
            "num_statements": 6,
            "percent_covered": 0.0,
            "percent_covered_display": "0",
            "missing_lines": 6,
            "excluded_lines": 0
          },
          "missing_lines": [28, 29, 30, 31, 32, 34],
          "excluded_lines": []
        }
      },
      "classes": {
        "": {
          "executed_lines": [],
          "summary": {
            "covered_lines": 0,
            "num_statements": 6,
            "percent_covered": 0.0,
            "percent_covered_display": "0",
            "missing_lines": 6,
            "excluded_lines": 0
          },
          "missing_lines": [28, 29, 30, 31, 32, 34],
          "excluded_lines": []
        }
      }
    },
    "models\\market_data.py": {
      "executed_lines": [],
      "summary": {
        "covered_lines": 0,
        "num_statements": 44,
        "percent_covered": 0.0,
        "percent_covered_display": "0",
        "missing_lines": 44,
        "excluded_lines": 0
      },
      "missing_lines": [
        28, 29, 30, 32, 33, 35, 38, 62, 65, 66, 69, 70, 73, 74, 75, 78, 79, 82, 85, 91, 93, 95, 108,
        121, 122, 135, 136, 137, 140, 163, 166, 167, 168, 169, 172, 173, 174, 177, 178, 181, 188,
        190, 192, 205
      ],
      "excluded_lines": [],
      "functions": {
        "MarketData.__repr__": {
          "executed_lines": [],
          "summary": {
            "covered_lines": 0,
            "num_statements": 1,
            "percent_covered": 0.0,
            "percent_covered_display": "0",
            "missing_lines": 1,
            "excluded_lines": 0
          },
          "missing_lines": [93],
          "excluded_lines": []
        },
        "MarketData.to_dict": {
          "executed_lines": [],
          "summary": {
            "covered_lines": 0,
            "num_statements": 1,
            "percent_covered": 0.0,
            "percent_covered_display": "0",
            "missing_lines": 1,
            "excluded_lines": 0
          },
          "missing_lines": [108],
          "excluded_lines": []
        },
        "MarketData.mid_price": {
          "executed_lines": [],
          "summary": {
            "covered_lines": 0,
            "num_statements": 3,
            "percent_covered": 0.0,
            "percent_covered_display": "0",
            "missing_lines": 3,
            "excluded_lines": 0
          },
          "missing_lines": [135, 136, 137],
          "excluded_lines": []
        },
        "OrderBookLevel2.__repr__": {
          "executed_lines": [],
          "summary": {
            "covered_lines": 0,
            "num_statements": 1,
            "percent_covered": 0.0,
            "percent_covered_display": "0",
            "missing_lines": 1,
            "excluded_lines": 0
          },
          "missing_lines": [190],
          "excluded_lines": []
        },
        "OrderBookLevel2.to_dict": {
          "executed_lines": [],
          "summary": {
            "covered_lines": 0,
            "num_statements": 1,
            "percent_covered": 0.0,
            "percent_covered_display": "0",
            "missing_lines": 1,
            "excluded_lines": 0
          },
          "missing_lines": [205],
          "excluded_lines": []
        },
        "": {
          "executed_lines": [],
          "summary": {
            "covered_lines": 0,
            "num_statements": 37,
            "percent_covered": 0.0,
            "percent_covered_display": "0",
            "missing_lines": 37,
            "excluded_lines": 0
          },
          "missing_lines": [
            28, 29, 30, 32, 33, 35, 38, 62, 65, 66, 69, 70, 73, 74, 75, 78, 79, 82, 85, 91, 95, 121,
            122, 140, 163, 166, 167, 168, 169, 172, 173, 174, 177, 178, 181, 188, 192
          ],
          "excluded_lines": []
        }
      },
      "classes": {
        "MarketData": {
          "executed_lines": [],
          "summary": {
            "covered_lines": 0,
            "num_statements": 5,
            "percent_covered": 0.0,
            "percent_covered_display": "0",
            "missing_lines": 5,
            "excluded_lines": 0
          },
          "missing_lines": [93, 108, 135, 136, 137],
          "excluded_lines": []
        },
        "OrderBookLevel2": {
          "executed_lines": [],
          "summary": {
            "covered_lines": 0,
            "num_statements": 2,
            "percent_covered": 0.0,
            "percent_covered_display": "0",
            "missing_lines": 2,
            "excluded_lines": 0
          },
          "missing_lines": [190, 205],
          "excluded_lines": []
        },
        "": {
          "executed_lines": [],
          "summary": {
            "covered_lines": 0,
            "num_statements": 37,
            "percent_covered": 0.0,
            "percent_covered_display": "0",
            "missing_lines": 37,
            "excluded_lines": 0
          },
          "missing_lines": [
            28, 29, 30, 32, 33, 35, 38, 62, 65, 66, 69, 70, 73, 74, 75, 78, 79, 82, 85, 91, 95, 121,
            122, 140, 163, 166, 167, 168, 169, 172, 173, 174, 177, 178, 181, 188, 192
          ],
          "excluded_lines": []
        }
      }
    },
    "models\\position.py": {
      "executed_lines": [],
      "summary": {
        "covered_lines": 0,
        "num_statements": 69,
        "percent_covered": 0.0,
        "percent_covered_display": "0",
        "missing_lines": 69,
        "excluded_lines": 0
      },
      "missing_lines": [
        28, 29, 30, 32, 33, 35, 38, 63, 66, 69, 70, 71, 74, 75, 76, 79, 80, 83, 84, 86, 88, 90, 103,
        117, 118, 131, 133, 134, 147, 149, 150, 163, 165, 178, 180, 183, 184, 185, 186, 188, 191,
        194, 196, 211, 214, 215, 216, 217, 220, 222, 224, 225, 226, 228, 231, 234, 236, 237, 239,
        240, 243, 244, 247, 250, 251, 252, 255, 258, 260
      ],
      "excluded_lines": [],
      "functions": {
        "Position.__repr__": {
          "executed_lines": [],
          "summary": {
            "covered_lines": 0,
            "num_statements": 1,
            "percent_covered": 0.0,
            "percent_covered_display": "0",
            "missing_lines": 1,
            "excluded_lines": 0
          },
          "missing_lines": [88],
          "excluded_lines": []
        },
        "Position.to_dict": {
          "executed_lines": [],
          "summary": {
            "covered_lines": 0,
            "num_statements": 1,
            "percent_covered": 0.0,
            "percent_covered_display": "0",
            "missing_lines": 1,
            "excluded_lines": 0
          },
          "missing_lines": [103],
          "excluded_lines": []
        },
        "Position.is_long": {
          "executed_lines": [],
          "summary": {
            "covered_lines": 0,
            "num_statements": 1,
            "percent_covered": 0.0,
            "percent_covered_display": "0",
            "missing_lines": 1,
            "excluded_lines": 0
          },
          "missing_lines": [131],
          "excluded_lines": []
        },
        "Position.is_short": {
          "executed_lines": [],
          "summary": {
            "covered_lines": 0,
            "num_statements": 1,
            "percent_covered": 0.0,
            "percent_covered_display": "0",
            "missing_lines": 1,
            "excluded_lines": 0
          },
          "missing_lines": [147],
          "excluded_lines": []
        },
        "Position.is_flat": {
          "executed_lines": [],
          "summary": {
            "covered_lines": 0,
            "num_statements": 1,
            "percent_covered": 0.0,
            "percent_covered_display": "0",
            "missing_lines": 1,
            "excluded_lines": 0
          },
          "missing_lines": [163],
          "excluded_lines": []
        },
        "Position.update_market_value": {
          "executed_lines": [],
          "summary": {
            "covered_lines": 0,
            "num_statements": 9,
            "percent_covered": 0.0,
            "percent_covered_display": "0",
            "missing_lines": 9,
            "excluded_lines": 0
          },
          "missing_lines": [178, 180, 183, 184, 185, 186, 188, 191, 194],
          "excluded_lines": []
        },
        "Position.add_trade": {
          "executed_lines": [],
          "summary": {
            "covered_lines": 0,
            "num_statements": 26,
            "percent_covered": 0.0,
            "percent_covered_display": "0",
            "missing_lines": 26,
            "excluded_lines": 0
          },
          "missing_lines": [
            211, 214, 215, 216, 217, 220, 222, 224, 225, 226, 228, 231, 234, 236, 237, 239, 240,
            243, 244, 247, 250, 251, 252, 255, 258, 260
          ],
          "excluded_lines": []
        },
        "": {
          "executed_lines": [],
          "summary": {
            "covered_lines": 0,
            "num_statements": 29,
            "percent_covered": 0.0,
            "percent_covered_display": "0",
            "missing_lines": 29,
            "excluded_lines": 0
          },
          "missing_lines": [
            28, 29, 30, 32, 33, 35, 38, 63, 66, 69, 70, 71, 74, 75, 76, 79, 80, 83, 84, 86, 90, 117,
            118, 133, 134, 149, 150, 165, 196
          ],
          "excluded_lines": []
        }
      },
      "classes": {
        "Position": {
          "executed_lines": [],
          "summary": {
            "covered_lines": 0,
            "num_statements": 40,
            "percent_covered": 0.0,
            "percent_covered_display": "0",
            "missing_lines": 40,
            "excluded_lines": 0
          },
          "missing_lines": [
            88, 103, 131, 147, 163, 178, 180, 183, 184, 185, 186, 188, 191, 194, 211, 214, 215, 216,
            217, 220, 222, 224, 225, 226, 228, 231, 234, 236, 237, 239, 240, 243, 244, 247, 250,
            251, 252, 255, 258, 260
          ],
          "excluded_lines": []
        },
        "": {
          "executed_lines": [],
          "summary": {
            "covered_lines": 0,
            "num_statements": 29,
            "percent_covered": 0.0,
            "percent_covered_display": "0",
            "missing_lines": 29,
            "excluded_lines": 0
          },
          "missing_lines": [
            28, 29, 30, 32, 33, 35, 38, 63, 66, 69, 70, 71, 74, 75, 76, 79, 80, 83, 84, 86, 90, 117,
            118, 133, 134, 149, 150, 165, 196
          ],
          "excluded_lines": []
        }
      }
    },
    "models\\signal.py": {
      "executed_lines": [],
      "summary": {
        "covered_lines": 0,
        "num_statements": 78,
        "percent_covered": 0.0,
        "percent_covered_display": "0",
        "missing_lines": 78,
        "excluded_lines": 0
      },
      "missing_lines": [
        28, 29, 30, 32, 33, 35, 38, 70, 73, 76, 77, 78, 81, 82, 83, 84, 87, 88, 89, 92, 93, 96, 97,
        98, 101, 102, 103, 106, 107, 108, 111, 119, 121, 123, 136, 161, 162, 175, 177, 178, 191,
        193, 194, 207, 209, 210, 223, 225, 239, 240, 241, 242, 244, 257, 258, 261, 263, 264, 265,
        266, 268, 271, 274, 275, 277, 278, 280, 294, 295, 297, 298, 300, 301, 303, 304, 306, 307,
        309
      ],
      "excluded_lines": [],
      "functions": {
        "Signal.__repr__": {
          "executed_lines": [],
          "summary": {
            "covered_lines": 0,
            "num_statements": 1,
            "percent_covered": 0.0,
            "percent_covered_display": "0",
            "missing_lines": 1,
            "excluded_lines": 0
          },
          "missing_lines": [121],
          "excluded_lines": []
        },
        "Signal.to_dict": {
          "executed_lines": [],
          "summary": {
            "covered_lines": 0,
            "num_statements": 1,
            "percent_covered": 0.0,
            "percent_covered_display": "0",
            "missing_lines": 1,
            "excluded_lines": 0
          },
          "missing_lines": [136],
          "excluded_lines": []
        },
        "Signal.is_long": {
          "executed_lines": [],
          "summary": {
            "covered_lines": 0,
            "num_statements": 1,
            "percent_covered": 0.0,
            "percent_covered_display": "0",
            "missing_lines": 1,
            "excluded_lines": 0
          },
          "missing_lines": [175],
          "excluded_lines": []
        },
        "Signal.is_short": {
          "executed_lines": [],
          "summary": {
            "covered_lines": 0,
            "num_statements": 1,
            "percent_covered": 0.0,
            "percent_covered_display": "0",
            "missing_lines": 1,
            "excluded_lines": 0
          },
          "missing_lines": [191],
          "excluded_lines": []
        },
        "Signal.is_strong": {
          "executed_lines": [],
          "summary": {
            "covered_lines": 0,
            "num_statements": 1,
            "percent_covered": 0.0,
            "percent_covered_display": "0",
            "missing_lines": 1,
            "excluded_lines": 0
          },
          "missing_lines": [207],
          "excluded_lines": []
        },
        "Signal.is_high_confidence": {
          "executed_lines": [],
          "summary": {
            "covered_lines": 0,
            "num_statements": 1,
            "percent_covered": 0.0,
            "percent_covered_display": "0",
            "missing_lines": 1,
            "excluded_lines": 0
          },
          "missing_lines": [223],
          "excluded_lines": []
        },
        "Signal.mark_executed": {
          "executed_lines": [],
          "summary": {
            "covered_lines": 0,
            "num_statements": 4,
            "percent_covered": 0.0,
            "percent_covered_display": "0",
            "missing_lines": 4,
            "excluded_lines": 0
          },
          "missing_lines": [239, 240, 241, 242],
          "excluded_lines": []
        },
        "Signal.update_performance": {
          "executed_lines": [],
          "summary": {
            "covered_lines": 0,
            "num_statements": 13,
            "percent_covered": 0.0,
            "percent_covered_display": "0",
            "missing_lines": 13,
            "excluded_lines": 0
          },
          "missing_lines": [257, 258, 261, 263, 264, 265, 266, 268, 271, 274, 275, 277, 278],
          "excluded_lines": []
        },
        "Signal.validate_signal": {
          "executed_lines": [],
          "summary": {
            "covered_lines": 0,
            "num_statements": 11,
            "percent_covered": 0.0,
            "percent_covered_display": "0",
            "missing_lines": 11,
            "excluded_lines": 0
          },
          "missing_lines": [294, 295, 297, 298, 300, 301, 303, 304, 306, 307, 309],
          "excluded_lines": []
        },
        "": {
          "executed_lines": [],
          "summary": {
            "covered_lines": 0,
            "num_statements": 44,
            "percent_covered": 0.0,
            "percent_covered_display": "0",
            "missing_lines": 44,
            "excluded_lines": 0
          },
          "missing_lines": [
            28, 29, 30, 32, 33, 35, 38, 70, 73, 76, 77, 78, 81, 82, 83, 84, 87, 88, 89, 92, 93, 96,
            97, 98, 101, 102, 103, 106, 107, 108, 111, 119, 123, 161, 162, 177, 178, 193, 194, 209,
            210, 225, 244, 280
          ],
          "excluded_lines": []
        }
      },
      "classes": {
        "Signal": {
          "executed_lines": [],
          "summary": {
            "covered_lines": 0,
            "num_statements": 34,
            "percent_covered": 0.0,
            "percent_covered_display": "0",
            "missing_lines": 34,
            "excluded_lines": 0
          },
          "missing_lines": [
            121, 136, 175, 191, 207, 223, 239, 240, 241, 242, 257, 258, 261, 263, 264, 265, 266,
            268, 271, 274, 275, 277, 278, 294, 295, 297, 298, 300, 301, 303, 304, 306, 307, 309
          ],
          "excluded_lines": []
        },
        "": {
          "executed_lines": [],
          "summary": {
            "covered_lines": 0,
            "num_statements": 44,
            "percent_covered": 0.0,
            "percent_covered_display": "0",
            "missing_lines": 44,
            "excluded_lines": 0
          },
          "missing_lines": [
            28, 29, 30, 32, 33, 35, 38, 70, 73, 76, 77, 78, 81, 82, 83, 84, 87, 88, 89, 92, 93, 96,
            97, 98, 101, 102, 103, 106, 107, 108, 111, 119, 123, 161, 162, 177, 178, 193, 194, 209,
            210, 225, 244, 280
          ],
          "excluded_lines": []
        }
      }
    },
    "models\\trade.py": {
      "executed_lines": [],
      "summary": {
        "covered_lines": 0,
        "num_statements": 56,
        "percent_covered": 0.0,
        "percent_covered_display": "0",
        "missing_lines": 56,
        "excluded_lines": 0
      },
      "missing_lines": [
        28, 29, 30, 32, 33, 35, 38, 69, 72, 75, 76, 79, 80, 81, 82, 85, 86, 89, 90, 91, 94, 95, 98,
        101, 102, 103, 106, 113, 115, 117, 130, 151, 152, 165, 167, 168, 181, 183, 184, 197, 199,
        210, 211, 213, 227, 228, 230, 231, 233, 234, 236, 237, 240, 241, 242, 244
      ],
      "excluded_lines": [],
      "functions": {
        "Trade.__repr__": {
          "executed_lines": [],
          "summary": {
            "covered_lines": 0,
            "num_statements": 1,
            "percent_covered": 0.0,
            "percent_covered_display": "0",
            "missing_lines": 1,
            "excluded_lines": 0
          },
          "missing_lines": [115],
          "excluded_lines": []
        },
        "Trade.to_dict": {
          "executed_lines": [],
          "summary": {
            "covered_lines": 0,
            "num_statements": 1,
            "percent_covered": 0.0,
            "percent_covered_display": "0",
            "missing_lines": 1,
            "excluded_lines": 0
          },
          "missing_lines": [130],
          "excluded_lines": []
        },
        "Trade.is_buy": {
          "executed_lines": [],
          "summary": {
            "covered_lines": 0,
            "num_statements": 1,
            "percent_covered": 0.0,
            "percent_covered_display": "0",
            "missing_lines": 1,
            "excluded_lines": 0
          },
          "missing_lines": [165],
          "excluded_lines": []
        },
        "Trade.is_sell": {
          "executed_lines": [],
          "summary": {
            "covered_lines": 0,
            "num_statements": 1,
            "percent_covered": 0.0,
            "percent_covered_display": "0",
            "missing_lines": 1,
            "excluded_lines": 0
          },
          "missing_lines": [181],
          "excluded_lines": []
        },
        "Trade.net_amount": {
          "executed_lines": [],
          "summary": {
            "covered_lines": 0,
            "num_statements": 1,
            "percent_covered": 0.0,
            "percent_covered_display": "0",
            "missing_lines": 1,
            "excluded_lines": 0
          },
          "missing_lines": [197],
          "excluded_lines": []
        },
        "Trade.calculate_notional": {
          "executed_lines": [],
          "summary": {
            "covered_lines": 0,
            "num_statements": 2,
            "percent_covered": 0.0,
            "percent_covered_display": "0",
            "missing_lines": 2,
            "excluded_lines": 0
          },
          "missing_lines": [210, 211],
          "excluded_lines": []
        },
        "Trade.validate_trade": {
          "executed_lines": [],
          "summary": {
            "covered_lines": 0,
            "num_statements": 12,
            "percent_covered": 0.0,
            "percent_covered_display": "0",
            "missing_lines": 12,
            "excluded_lines": 0
          },
          "missing_lines": [227, 228, 230, 231, 233, 234, 236, 237, 240, 241, 242, 244],
          "excluded_lines": []
        },
        "": {
          "executed_lines": [],
          "summary": {
            "covered_lines": 0,
            "num_statements": 37,
            "percent_covered": 0.0,
            "percent_covered_display": "0",
            "missing_lines": 37,
            "excluded_lines": 0
          },
          "missing_lines": [
            28, 29, 30, 32, 33, 35, 38, 69, 72, 75, 76, 79, 80, 81, 82, 85, 86, 89, 90, 91, 94, 95,
            98, 101, 102, 103, 106, 113, 117, 151, 152, 167, 168, 183, 184, 199, 213
          ],
          "excluded_lines": []
        }
      },
      "classes": {
        "Trade": {
          "executed_lines": [],
          "summary": {
            "covered_lines": 0,
            "num_statements": 19,
            "percent_covered": 0.0,
            "percent_covered_display": "0",
            "missing_lines": 19,
            "excluded_lines": 0
          },
          "missing_lines": [
            115, 130, 165, 181, 197, 210, 211, 227, 228, 230, 231, 233, 234, 236, 237, 240, 241,
            242, 244
          ],
          "excluded_lines": []
        },
        "": {
          "executed_lines": [],
          "summary": {
            "covered_lines": 0,
            "num_statements": 37,
            "percent_covered": 0.0,
            "percent_covered_display": "0",
            "missing_lines": 37,
            "excluded_lines": 0
          },
          "missing_lines": [
            28, 29, 30, 32, 33, 35, 38, 69, 72, 75, 76, 79, 80, 81, 82, 85, 86, 89, 90, 91, 94, 95,
            98, 101, 102, 103, 106, 113, 117, 151, 152, 167, 168, 183, 184, 199, 213
          ],
          "excluded_lines": []
        }
      }
    },
    "models\\user.py": {
      "executed_lines": [],
      "summary": {
        "covered_lines": 0,
        "num_statements": 33,
        "percent_covered": 0.0,
        "percent_covered_display": "0",
        "missing_lines": 33,
        "excluded_lines": 0
      },
      "missing_lines": [
        28, 29, 31, 32, 34, 37, 62, 65, 68, 69, 70, 73, 74, 75, 78, 79, 80, 81, 84, 85, 87, 89, 91,
        105, 117, 118, 124, 126, 141, 142, 145, 147, 160
      ],
      "excluded_lines": [],
      "functions": {
        "User.__repr__": {
          "executed_lines": [],
          "summary": {
            "covered_lines": 0,
            "num_statements": 1,
            "percent_covered": 0.0,
            "percent_covered_display": "0",
            "missing_lines": 1,
            "excluded_lines": 0
          },
          "missing_lines": [89],
          "excluded_lines": []
        },
        "User.to_dict": {
          "executed_lines": [],
          "summary": {
            "covered_lines": 0,
            "num_statements": 4,
            "percent_covered": 0.0,
            "percent_covered_display": "0",
            "missing_lines": 4,
            "excluded_lines": 0
          },
          "missing_lines": [105, 117, 118, 124],
          "excluded_lines": []
        },
        "User.has_permission": {
          "executed_lines": [],
          "summary": {
            "covered_lines": 0,
            "num_statements": 3,
            "percent_covered": 0.0,
            "percent_covered_display": "0",
            "missing_lines": 3,
            "excluded_lines": 0
          },
          "missing_lines": [141, 142, 145],
          "excluded_lines": []
        },
        "User.can_trade": {
          "executed_lines": [],
          "summary": {
            "covered_lines": 0,
            "num_statements": 1,
            "percent_covered": 0.0,
            "percent_covered_display": "0",
            "missing_lines": 1,
            "excluded_lines": 0
          },
          "missing_lines": [160],
          "excluded_lines": []
        },
        "": {
          "executed_lines": [],
          "summary": {
            "covered_lines": 0,
            "num_statements": 24,
            "percent_covered": 0.0,
            "percent_covered_display": "0",
            "missing_lines": 24,
            "excluded_lines": 0
          },
          "missing_lines": [
            28, 29, 31, 32, 34, 37, 62, 65, 68, 69, 70, 73, 74, 75, 78, 79, 80, 81, 84, 85, 87, 91,
            126, 147
          ],
          "excluded_lines": []
        }
      },
      "classes": {
        "User": {
          "executed_lines": [],
          "summary": {
            "covered_lines": 0,
            "num_statements": 9,
            "percent_covered": 0.0,
            "percent_covered_display": "0",
            "missing_lines": 9,
            "excluded_lines": 0
          },
          "missing_lines": [89, 105, 117, 118, 124, 141, 142, 145, 160],
          "excluded_lines": []
        },
        "": {
          "executed_lines": [],
          "summary": {
            "covered_lines": 0,
            "num_statements": 24,
            "percent_covered": 0.0,
            "percent_covered_display": "0",
            "missing_lines": 24,
            "excluded_lines": 0
          },
          "missing_lines": [
            28, 29, 31, 32, 34, 37, 62, 65, 68, 69, 70, 73, 74, 75, 78, 79, 80, 81, 84, 85, 87, 91,
            126, 147
          ],
          "excluded_lines": []
        }
      }
    },
    "seed_users.py": {
      "executed_lines": [],
      "summary": {
        "covered_lines": 0,
        "num_statements": 59,
        "percent_covered": 0.0,
        "percent_covered_display": "0",
        "missing_lines": 59,
        "excluded_lines": 0
      },
      "missing_lines": [
        30, 31, 32, 33, 34, 35, 38, 41, 44, 92, 119, 121, 137, 180, 181, 183, 201, 204, 223, 235,
        237, 253, 260, 261, 262, 263, 264, 265, 266, 267, 268, 269, 270, 272, 286, 287, 288, 290,
        292, 293, 296, 299, 300, 301, 304, 306, 307, 308, 309, 310, 311, 313, 314, 315, 317, 318,
        319, 321, 322
      ],
      "excluded_lines": [],
      "functions": {
        "hash_password": {
          "executed_lines": [],
          "summary": {
            "covered_lines": 0,
            "num_statements": 1,
            "percent_covered": 0.0,
            "percent_covered_display": "0",
            "missing_lines": 1,
            "excluded_lines": 0
          },
          "missing_lines": [119],
          "excluded_lines": []
        },
        "create_users_table": {
          "executed_lines": [],
          "summary": {
            "covered_lines": 0,
            "num_statements": 3,
            "percent_covered": 0.0,
            "percent_covered_display": "0",
            "missing_lines": 3,
            "excluded_lines": 0
          },
          "missing_lines": [137, 180, 181],
          "excluded_lines": []
        },
        "seed_demo_user": {
          "executed_lines": [],
          "summary": {
            "covered_lines": 0,
            "num_statements": 4,
            "percent_covered": 0.0,
            "percent_covered_display": "0",
            "missing_lines": 4,
            "excluded_lines": 0
          },
          "missing_lines": [201, 204, 223, 235],
          "excluded_lines": []
        },
        "verify_users": {
          "executed_lines": [],
          "summary": {
            "covered_lines": 0,
            "num_statements": 12,
            "percent_covered": 0.0,
            "percent_covered_display": "0",
            "missing_lines": 12,
            "excluded_lines": 0
          },
          "missing_lines": [253, 260, 261, 262, 263, 264, 265, 266, 267, 268, 269, 270],
          "excluded_lines": []
        },
        "main": {
          "executed_lines": [],
          "summary": {
            "covered_lines": 0,
            "num_statements": 23,
            "percent_covered": 0.0,
            "percent_covered_display": "0",
            "missing_lines": 23,
            "excluded_lines": 0
          },
          "missing_lines": [
            286, 287, 288, 290, 292, 293, 296, 299, 300, 301, 304, 306, 307, 308, 309, 310, 311,
            313, 314, 315, 317, 318, 319
          ],
          "excluded_lines": []
        },
        "": {
          "executed_lines": [],
          "summary": {
            "covered_lines": 0,
            "num_statements": 16,
            "percent_covered": 0.0,
            "percent_covered_display": "0",
            "missing_lines": 16,
            "excluded_lines": 0
          },
          "missing_lines": [30, 31, 32, 33, 34, 35, 38, 41, 44, 92, 121, 183, 237, 272, 321, 322],
          "excluded_lines": []
        }
      },
      "classes": {
        "": {
          "executed_lines": [],
          "summary": {
            "covered_lines": 0,
            "num_statements": 59,
            "percent_covered": 0.0,
            "percent_covered_display": "0",
            "missing_lines": 59,
            "excluded_lines": 0
          },
          "missing_lines": [
            30, 31, 32, 33, 34, 35, 38, 41, 44, 92, 119, 121, 137, 180, 181, 183, 201, 204, 223,
            235, 237, 253, 260, 261, 262, 263, 264, 265, 266, 267, 268, 269, 270, 272, 286, 287,
            288, 290, 292, 293, 296, 299, 300, 301, 304, 306, 307, 308, 309, 310, 311, 313, 314,
            315, 317, 318, 319, 321, 322
          ],
          "excluded_lines": []
        }
      }
    },
    "utils\\__init__.py": {
      "executed_lines": [],
      "summary": {
        "covered_lines": 0,
        "num_statements": 0,
        "percent_covered": 100.0,
        "percent_covered_display": "100",
        "missing_lines": 0,
        "excluded_lines": 0
      },
      "missing_lines": [],
      "excluded_lines": [],
      "functions": {
        "": {
          "executed_lines": [],
          "summary": {
            "covered_lines": 0,
            "num_statements": 0,
            "percent_covered": 100.0,
            "percent_covered_display": "100",
            "missing_lines": 0,
            "excluded_lines": 0
          },
          "missing_lines": [],
          "excluded_lines": []
        }
      },
      "classes": {
        "": {
          "executed_lines": [],
          "summary": {
            "covered_lines": 0,
            "num_statements": 0,
            "percent_covered": 100.0,
            "percent_covered_display": "100",
            "missing_lines": 0,
            "excluded_lines": 0
          },
          "missing_lines": [],
          "excluded_lines": []
        }
      }
    },
    "utils\\exceptions.py": {
      "executed_lines": [],
      "summary": {
        "covered_lines": 0,
        "num_statements": 79,
        "percent_covered": 0.0,
        "percent_covered_display": "0",
        "missing_lines": 79,
        "excluded_lines": 0
      },
      "missing_lines": [
        30, 31, 37, 46, 47, 48, 49, 55, 75, 93, 94, 95, 96, 97, 98, 100, 107, 116, 118, 124, 133,
        135, 143, 152, 154, 162, 171, 173, 185, 193, 195, 203, 211, 213, 225, 234, 237, 245, 253,
        255, 267, 275, 278, 286, 295, 298, 310, 318, 321, 333, 341, 343, 351, 359, 361, 373, 381,
        383, 391, 399, 401, 413, 422, 424, 432, 440, 442, 454, 468, 474, 489, 490, 493, 494, 495,
        496, 497, 498, 501
      ],
      "excluded_lines": [],
      "functions": {
        "TradingError.__init__": {
          "executed_lines": [],
          "summary": {
            "covered_lines": 0,
            "num_statements": 6,
            "percent_covered": 0.0,
            "percent_covered_display": "0",
            "missing_lines": 6,
            "excluded_lines": 0
          },
          "missing_lines": [93, 94, 95, 96, 97, 98],
          "excluded_lines": []
        },
        "TradingError.to_dict": {
          "executed_lines": [],
          "summary": {
            "covered_lines": 0,
            "num_statements": 1,
            "percent_covered": 0.0,
            "percent_covered_display": "0",
            "missing_lines": 1,
            "excluded_lines": 0
          },
          "missing_lines": [107],
          "excluded_lines": []
        },
        "TradingError.__str__": {
          "executed_lines": [],
          "summary": {
            "covered_lines": 0,
            "num_statements": 1,
            "percent_covered": 0.0,
            "percent_covered_display": "0",
            "missing_lines": 1,
            "excluded_lines": 0
          },
          "missing_lines": [118],
          "excluded_lines": []
        },
        "DatabaseError.__init__": {
          "executed_lines": [],
          "summary": {
            "covered_lines": 0,
            "num_statements": 1,
            "percent_covered": 0.0,
            "percent_covered_display": "0",
            "missing_lines": 1,
            "excluded_lines": 0
          },
          "missing_lines": [135],
          "excluded_lines": []
        },
        "ConnectionError.__init__": {
          "executed_lines": [],
          "summary": {
            "covered_lines": 0,
            "num_statements": 1,
            "percent_covered": 0.0,
            "percent_covered_display": "0",
            "missing_lines": 1,
            "excluded_lines": 0
          },
          "missing_lines": [154],
          "excluded_lines": []
        },
        "ConfigurationError.__init__": {
          "executed_lines": [],
          "summary": {
            "covered_lines": 0,
            "num_statements": 1,
            "percent_covered": 0.0,
            "percent_covered_display": "0",
            "missing_lines": 1,
            "excluded_lines": 0
          },
          "missing_lines": [173],
          "excluded_lines": []
        },
        "AuthenticationError.__init__": {
          "executed_lines": [],
          "summary": {
            "covered_lines": 0,
            "num_statements": 1,
            "percent_covered": 0.0,
            "percent_covered_display": "0",
            "missing_lines": 1,
            "excluded_lines": 0
          },
          "missing_lines": [195],
          "excluded_lines": []
        },
        "AuthorizationError.__init__": {
          "executed_lines": [],
          "summary": {
            "covered_lines": 0,
            "num_statements": 1,
            "percent_covered": 0.0,
            "percent_covered_display": "0",
            "missing_lines": 1,
            "excluded_lines": 0
          },
          "missing_lines": [213],
          "excluded_lines": []
        },
        "MarketDataError.__init__": {
          "executed_lines": [],
          "summary": {
            "covered_lines": 0,
            "num_statements": 1,
            "percent_covered": 0.0,
            "percent_covered_display": "0",
            "missing_lines": 1,
            "excluded_lines": 0
          },
          "missing_lines": [237],
          "excluded_lines": []
        },
        "DataQualityError.__init__": {
          "executed_lines": [],
          "summary": {
            "covered_lines": 0,
            "num_statements": 1,
            "percent_covered": 0.0,
            "percent_covered_display": "0",
            "missing_lines": 1,
            "excluded_lines": 0
          },
          "missing_lines": [255],
          "excluded_lines": []
        },
        "OrderError.__init__": {
          "executed_lines": [],
          "summary": {
            "covered_lines": 0,
            "num_statements": 1,
            "percent_covered": 0.0,
            "percent_covered_display": "0",
            "missing_lines": 1,
            "excluded_lines": 0
          },
          "missing_lines": [278],
          "excluded_lines": []
        },
        "RiskManagementError.__init__": {
          "executed_lines": [],
          "summary": {
            "covered_lines": 0,
            "num_statements": 1,
            "percent_covered": 0.0,
            "percent_covered_display": "0",
            "missing_lines": 1,
            "excluded_lines": 0
          },
          "missing_lines": [298],
          "excluded_lines": []
        },
        "PositionError.__init__": {
          "executed_lines": [],
          "summary": {
            "covered_lines": 0,
            "num_statements": 1,
            "percent_covered": 0.0,
            "percent_covered_display": "0",
            "missing_lines": 1,
            "excluded_lines": 0
          },
          "missing_lines": [321],
          "excluded_lines": []
        },
        "StrategyError.__init__": {
          "executed_lines": [],
          "summary": {
            "covered_lines": 0,
            "num_statements": 1,
            "percent_covered": 0.0,
            "percent_covered_display": "0",
            "missing_lines": 1,
            "excluded_lines": 0
          },
          "missing_lines": [343],
          "excluded_lines": []
        },
        "ModelError.__init__": {
          "executed_lines": [],
          "summary": {
            "covered_lines": 0,
            "num_statements": 1,
            "percent_covered": 0.0,
            "percent_covered_display": "0",
            "missing_lines": 1,
            "excluded_lines": 0
          },
          "missing_lines": [361],
          "excluded_lines": []
        },
        "ExchangeError.__init__": {
          "executed_lines": [],
          "summary": {
            "covered_lines": 0,
            "num_statements": 1,
            "percent_covered": 0.0,
            "percent_covered_display": "0",
            "missing_lines": 1,
            "excluded_lines": 0
          },
          "missing_lines": [383],
          "excluded_lines": []
        },
        "RateLimitError.__init__": {
          "executed_lines": [],
          "summary": {
            "covered_lines": 0,
            "num_statements": 1,
            "percent_covered": 0.0,
            "percent_covered_display": "0",
            "missing_lines": 1,
            "excluded_lines": 0
          },
          "missing_lines": [401],
          "excluded_lines": []
        },
        "ValidationError.__init__": {
          "executed_lines": [],
          "summary": {
            "covered_lines": 0,
            "num_statements": 1,
            "percent_covered": 0.0,
            "percent_covered_display": "0",
            "missing_lines": 1,
            "excluded_lines": 0
          },
          "missing_lines": [424],
          "excluded_lines": []
        },
        "BusinessRuleError.__init__": {
          "executed_lines": [],
          "summary": {
            "covered_lines": 0,
            "num_statements": 1,
            "percent_covered": 0.0,
            "percent_covered_display": "0",
            "missing_lines": 1,
            "excluded_lines": 0
          },
          "missing_lines": [442],
          "excluded_lines": []
        },
        "create_error_response": {
          "executed_lines": [],
          "summary": {
            "covered_lines": 0,
            "num_statements": 1,
            "percent_covered": 0.0,
            "percent_covered_display": "0",
            "missing_lines": 1,
            "excluded_lines": 0
          },
          "missing_lines": [468],
          "excluded_lines": []
        },
        "handle_exception": {
          "executed_lines": [],
          "summary": {
            "covered_lines": 0,
            "num_statements": 9,
            "percent_covered": 0.0,
            "percent_covered_display": "0",
            "missing_lines": 9,
            "excluded_lines": 0
          },
          "missing_lines": [489, 490, 493, 494, 495, 496, 497, 498, 501],
          "excluded_lines": []
        },
        "": {
          "executed_lines": [],
          "summary": {
            "covered_lines": 0,
            "num_statements": 45,
            "percent_covered": 0.0,
            "percent_covered_display": "0",
            "missing_lines": 45,
            "excluded_lines": 0
          },
          "missing_lines": [
            30, 31, 37, 46, 47, 48, 49, 55, 75, 100, 116, 124, 133, 143, 152, 162, 171, 185, 193,
            203, 211, 225, 234, 245, 253, 267, 275, 286, 295, 310, 318, 333, 341, 351, 359, 373,
            381, 391, 399, 413, 422, 432, 440, 454, 474
          ],
          "excluded_lines": []
        }
      },
      "classes": {
        "ErrorSeverity": {
          "executed_lines": [],
          "summary": {
            "covered_lines": 0,
            "num_statements": 0,
            "percent_covered": 100.0,
            "percent_covered_display": "100",
            "missing_lines": 0,
            "excluded_lines": 0
          },
          "missing_lines": [],
          "excluded_lines": []
        },
        "TradingError": {
          "executed_lines": [],
          "summary": {
            "covered_lines": 0,
            "num_statements": 8,
            "percent_covered": 0.0,
            "percent_covered_display": "0",
            "missing_lines": 8,
            "excluded_lines": 0
          },
          "missing_lines": [93, 94, 95, 96, 97, 98, 107, 118],
          "excluded_lines": []
        },
        "DatabaseError": {
          "executed_lines": [],
          "summary": {
            "covered_lines": 0,
            "num_statements": 1,
            "percent_covered": 0.0,
            "percent_covered_display": "0",
            "missing_lines": 1,
            "excluded_lines": 0
          },
          "missing_lines": [135],
          "excluded_lines": []
        },
        "ConnectionError": {
          "executed_lines": [],
          "summary": {
            "covered_lines": 0,
            "num_statements": 1,
            "percent_covered": 0.0,
            "percent_covered_display": "0",
            "missing_lines": 1,
            "excluded_lines": 0
          },
          "missing_lines": [154],
          "excluded_lines": []
        },
        "ConfigurationError": {
          "executed_lines": [],
          "summary": {
            "covered_lines": 0,
            "num_statements": 1,
            "percent_covered": 0.0,
            "percent_covered_display": "0",
            "missing_lines": 1,
            "excluded_lines": 0
          },
          "missing_lines": [173],
          "excluded_lines": []
        },
        "AuthenticationError": {
          "executed_lines": [],
          "summary": {
            "covered_lines": 0,
            "num_statements": 1,
            "percent_covered": 0.0,
            "percent_covered_display": "0",
            "missing_lines": 1,
            "excluded_lines": 0
          },
          "missing_lines": [195],
          "excluded_lines": []
        },
        "AuthorizationError": {
          "executed_lines": [],
          "summary": {
            "covered_lines": 0,
            "num_statements": 1,
            "percent_covered": 0.0,
            "percent_covered_display": "0",
            "missing_lines": 1,
            "excluded_lines": 0
          },
          "missing_lines": [213],
          "excluded_lines": []
        },
        "MarketDataError": {
          "executed_lines": [],
          "summary": {
            "covered_lines": 0,
            "num_statements": 1,
            "percent_covered": 0.0,
            "percent_covered_display": "0",
            "missing_lines": 1,
            "excluded_lines": 0
          },
          "missing_lines": [237],
          "excluded_lines": []
        },
        "DataQualityError": {
          "executed_lines": [],
          "summary": {
            "covered_lines": 0,
            "num_statements": 1,
            "percent_covered": 0.0,
            "percent_covered_display": "0",
            "missing_lines": 1,
            "excluded_lines": 0
          },
          "missing_lines": [255],
          "excluded_lines": []
        },
        "OrderError": {
          "executed_lines": [],
          "summary": {
            "covered_lines": 0,
            "num_statements": 1,
            "percent_covered": 0.0,
            "percent_covered_display": "0",
            "missing_lines": 1,
            "excluded_lines": 0
          },
          "missing_lines": [278],
          "excluded_lines": []
        },
        "RiskManagementError": {
          "executed_lines": [],
          "summary": {
            "covered_lines": 0,
            "num_statements": 1,
            "percent_covered": 0.0,
            "percent_covered_display": "0",
            "missing_lines": 1,
            "excluded_lines": 0
          },
          "missing_lines": [298],
          "excluded_lines": []
        },
        "PositionError": {
          "executed_lines": [],
          "summary": {
            "covered_lines": 0,
            "num_statements": 1,
            "percent_covered": 0.0,
            "percent_covered_display": "0",
            "missing_lines": 1,
            "excluded_lines": 0
          },
          "missing_lines": [321],
          "excluded_lines": []
        },
        "StrategyError": {
          "executed_lines": [],
          "summary": {
            "covered_lines": 0,
            "num_statements": 1,
            "percent_covered": 0.0,
            "percent_covered_display": "0",
            "missing_lines": 1,
            "excluded_lines": 0
          },
          "missing_lines": [343],
          "excluded_lines": []
        },
        "ModelError": {
          "executed_lines": [],
          "summary": {
            "covered_lines": 0,
            "num_statements": 1,
            "percent_covered": 0.0,
            "percent_covered_display": "0",
            "missing_lines": 1,
[...]
            "excluded_lines": 0
          },
          "missing_lines": [76, 77],
          "excluded_lines": []
        },
        "add_service_context": {
          "executed_lines": [],
          "summary": {
            "covered_lines": 0,
            "num_statements": 2,
            "percent_covered": 0.0,
            "percent_covered_display": "0",
            "missing_lines": 2,
            "excluded_lines": 0
          },
          "missing_lines": [97, 103],
          "excluded_lines": []
        },
        "add_correlation_id": {
          "executed_lines": [],
          "summary": {
            "covered_lines": 0,
            "num_statements": 4,
            "percent_covered": 0.0,
            "percent_covered_display": "0",
            "missing_lines": 4,
            "excluded_lines": 0
          },
          "missing_lines": [124, 125, 126, 128],
          "excluded_lines": []
        },
        "filter_sensitive_data": {
          "executed_lines": [],
          "summary": {
            "covered_lines": 0,
            "num_statements": 3,
            "percent_covered": 0.0,
            "percent_covered_display": "0",
            "missing_lines": 3,
            "excluded_lines": 0
          },
          "missing_lines": [148, 153, 167],
          "excluded_lines": []
        },
        "filter_sensitive_data.mask_sensitive": {
          "executed_lines": [],
          "summary": {
            "covered_lines": 0,
            "num_statements": 5,
            "percent_covered": 0.0,
            "percent_covered_display": "0",
            "missing_lines": 5,
            "excluded_lines": 0
          },
          "missing_lines": [156, 157, 162, 163, 165],
          "excluded_lines": []
        },
        "setup_logging": {
          "executed_lines": [],
          "summary": {
            "covered_lines": 0,
            "num_statements": 5,
            "percent_covered": 0.0,
            "percent_covered_display": "0",
            "missing_lines": 5,
            "excluded_lines": 0
          },
          "missing_lines": [191, 209, 285, 288, 289],
          "excluded_lines": []
        },
        "get_logger": {
          "executed_lines": [],
          "summary": {
            "covered_lines": 0,
            "num_statements": 1,
            "percent_covered": 0.0,
            "percent_covered_display": "0",
            "missing_lines": 1,
            "excluded_lines": 0
          },
          "missing_lines": [326],
          "excluded_lines": []
        },
        "get_audit_logger": {
          "executed_lines": [],
          "summary": {
            "covered_lines": 0,
            "num_statements": 1,
            "percent_covered": 0.0,
            "percent_covered_display": "0",
            "missing_lines": 1,
            "excluded_lines": 0
          },
          "missing_lines": [349],
          "excluded_lines": []
        },
        "get_trading_logger": {
          "executed_lines": [],
          "summary": {
            "covered_lines": 0,
            "num_statements": 1,
            "percent_covered": 0.0,
            "percent_covered_display": "0",
            "missing_lines": 1,
            "excluded_lines": 0
          },
          "missing_lines": [368],
          "excluded_lines": []
        },
        "bind_correlation_id": {
          "executed_lines": [],
          "summary": {
            "covered_lines": 0,
            "num_statements": 1,
            "percent_covered": 0.0,
            "percent_covered_display": "0",
            "missing_lines": 1,
            "excluded_lines": 0
          },
          "missing_lines": [393],
          "excluded_lines": []
        },
        "bind_user_context": {
          "executed_lines": [],
          "summary": {
            "covered_lines": 0,
            "num_statements": 6,
            "percent_covered": 0.0,
            "percent_covered_display": "0",
            "missing_lines": 6,
            "excluded_lines": 0
          },
          "missing_lines": [416, 417, 418, 419, 420, 422],
          "excluded_lines": []
        },
        "bind_trading_context": {
          "executed_lines": [],
          "summary": {
            "covered_lines": 0,
            "num_statements": 8,
            "percent_covered": 0.0,
            "percent_covered_display": "0",
            "missing_lines": 8,
            "excluded_lines": 0
          },
          "missing_lines": [446, 447, 448, 449, 450, 451, 452, 454],
          "excluded_lines": []
        },
        "log_performance_metric": {
          "executed_lines": [],
          "summary": {
            "covered_lines": 0,
            "num_statements": 1,
            "percent_covered": 0.0,
            "percent_covered_display": "0",
            "missing_lines": 1,
            "excluded_lines": 0
          },
          "missing_lines": [481],
          "excluded_lines": []
        },
        "log_security_event": {
          "executed_lines": [],
          "summary": {
            "covered_lines": 0,
            "num_statements": 2,
            "percent_covered": 0.0,
            "percent_covered_display": "0",
            "missing_lines": 2,
            "excluded_lines": 0
          },
          "missing_lines": [514, 515],
          "excluded_lines": []
        },
        "": {
          "executed_lines": [],
          "summary": {
            "covered_lines": 0,
            "num_statements": 27,
            "percent_covered": 0.0,
            "percent_covered_display": "0",
            "missing_lines": 27,
            "excluded_lines": 0
          },
          "missing_lines": [
            30, 31, 32, 33, 34, 35, 36, 38, 39, 46, 47, 48, 51, 52, 58, 79, 105, 130, 173, 302, 332,
            351, 374, 395, 424, 460, 492
          ],
          "excluded_lines": []
        }
      },
      "classes": {
        "": {
          "executed_lines": [],
          "summary": {
            "covered_lines": 0,
            "num_statements": 69,
            "percent_covered": 0.0,
            "percent_covered_display": "0",
            "missing_lines": 69,
            "excluded_lines": 0
          },
          "missing_lines": [
            30, 31, 32, 33, 34, 35, 36, 38, 39, 46, 47, 48, 51, 52, 58, 76, 77, 79, 97, 103, 105,
            124, 125, 126, 128, 130, 148, 153, 156, 157, 162, 163, 165, 167, 173, 191, 209, 285,
            288, 289, 302, 326, 332, 349, 351, 368, 374, 393, 395, 416, 417, 418, 419, 420, 422,
            424, 446, 447, 448, 449, 450, 451, 452, 454, 460, 481, 492, 514, 515
          ],
          "excluded_lines": []
        }
      }
    },
    "utils\\monitoring.py": {
      "executed_lines": [],
      "summary": {
        "covered_lines": 0,
        "num_statements": 165,
        "percent_covered": 0.0,
        "percent_covered_display": "0",
        "missing_lines": 165,
        "excluded_lines": 0
      },
      "missing_lines": [
        30, 31, 32, 33, 34, 35, 36, 37, 39, 40, 42, 48, 51, 52, 53, 59, 60, 69, 70, 71, 72, 73, 75,
        76, 85, 86, 88, 90, 92, 94, 95, 97, 98, 112, 129, 136, 137, 138, 139, 142, 143, 146, 148,
        150, 154, 161, 168, 174, 182, 188, 195, 201, 206, 227, 228, 230, 238, 239, 242, 243, 245,
        266, 267, 270, 276, 283, 284, 287, 288, 298, 319, 320, 323, 330, 331, 337, 338, 341, 351,
        369, 370, 372, 377, 386, 404, 405, 407, 424, 425, 427, 429, 444, 445, 447, 448, 449, 451,
        465, 466, 467, 469, 478, 479, 480, 483, 486, 488, 490, 491, 492, 493, 494, 495, 497, 500,
        501, 502, 504, 505, 506, 508, 511, 512, 514, 515, 517, 526, 538, 541, 542, 543, 545, 547,
        558, 566, 567, 569, 576, 578, 579, 580, 581, 584, 585, 586, 589, 590, 591, 592, 593, 594,
        595, 597, 598, 606, 607, 608, 610, 615, 622, 624, 626, 628, 631, 632
      ],
      "excluded_lines": [],
      "functions": {
        "PerformanceWindow.add": {
          "executed_lines": [],
          "summary": {
            "covered_lines": 0,
            "num_statements": 1,
            "percent_covered": 0.0,
            "percent_covered_display": "0",
            "missing_lines": 1,
            "excluded_lines": 0
          },
          "missing_lines": [90],
          "excluded_lines": []
        },
        "PerformanceWindow.get_stats": {
          "executed_lines": [],
          "summary": {
            "covered_lines": 0,
            "num_statements": 4,
            "percent_covered": 0.0,
            "percent_covered_display": "0",
            "missing_lines": 4,
            "excluded_lines": 0
          },
          "missing_lines": [94, 95, 97, 98],
          "excluded_lines": []
        },
        "MetricsCollector.__init__": {
          "executed_lines": [],
          "summary": {
            "covered_lines": 0,
            "num_statements": 8,
            "percent_covered": 0.0,
            "percent_covered_display": "0",
            "missing_lines": 8,
            "excluded_lines": 0
          },
          "missing_lines": [136, 137, 138, 139, 142, 143, 146, 148],
          "excluded_lines": []
        },
        "MetricsCollector._setup_prometheus_metrics": {
          "executed_lines": [],
          "summary": {
            "covered_lines": 0,
            "num_statements": 8,
            "percent_covered": 0.0,
            "percent_covered_display": "0",
            "missing_lines": 8,
            "excluded_lines": 0
          },
          "missing_lines": [154, 161, 168, 174, 182, 188, 195, 201],
          "excluded_lines": []
        },
        "MetricsCollector.record_metric": {
          "executed_lines": [],
          "summary": {
            "covered_lines": 0,
            "num_statements": 7,
            "percent_covered": 0.0,
            "percent_covered_display": "0",
            "missing_lines": 7,
            "excluded_lines": 0
          },
          "missing_lines": [227, 228, 230, 238, 239, 242, 243],
          "excluded_lines": []
        },
        "MetricsCollector.record_request_duration": {
          "executed_lines": [],
          "summary": {
            "covered_lines": 0,
            "num_statements": 8,
            "percent_covered": 0.0,
            "percent_covered_display": "0",
            "missing_lines": 8,
            "excluded_lines": 0
          },
          "missing_lines": [266, 267, 270, 276, 283, 284, 287, 288],
          "excluded_lines": []
        },
        "MetricsCollector.record_trading_operation": {
          "executed_lines": [],
          "summary": {
            "covered_lines": 0,
            "num_statements": 8,
            "percent_covered": 0.0,
            "percent_covered_display": "0",
            "missing_lines": 8,
            "excluded_lines": 0
          },
          "missing_lines": [319, 320, 323, 330, 331, 337, 338, 341],
          "excluded_lines": []
        },
        "MetricsCollector.record_error": {
          "executed_lines": [],
          "summary": {
            "covered_lines": 0,
            "num_statements": 4,
            "percent_covered": 0.0,
            "percent_covered_display": "0",
            "missing_lines": 4,
            "excluded_lines": 0
          },
          "missing_lines": [369, 370, 372, 377],
          "excluded_lines": []
        },
        "MetricsCollector.get_performance_stats": {
          "executed_lines": [],
          "summary": {
            "covered_lines": 0,
            "num_statements": 2,
            "percent_covered": 0.0,
            "percent_covered_display": "0",
            "missing_lines": 2,
            "excluded_lines": 0
          },
          "missing_lines": [404, 405],
          "excluded_lines": []
        },
        "MetricsCollector.get_prometheus_metrics": {
          "executed_lines": [],
          "summary": {
            "covered_lines": 0,
            "num_statements": 3,
            "percent_covered": 0.0,
            "percent_covered_display": "0",
            "missing_lines": 3,
            "excluded_lines": 0
          },
          "missing_lines": [424, 425, 427],
          "excluded_lines": []
        },
        "MetricsCollector.start_background_tasks": {
          "executed_lines": [],
          "summary": {
            "covered_lines": 0,
            "num_statements": 5,
            "percent_covered": 0.0,
            "percent_covered_display": "0",
            "missing_lines": 5,
            "excluded_lines": 0
          },
          "missing_lines": [444, 445, 447, 448, 449],
          "excluded_lines": []
        },
        "MetricsCollector.stop_background_tasks": {
          "executed_lines": [],
          "summary": {
            "covered_lines": 0,
            "num_statements": 3,
            "percent_covered": 0.0,
            "percent_covered_display": "0",
            "missing_lines": 3,
            "excluded_lines": 0
          },
          "missing_lines": [465, 466, 467],
          "excluded_lines": []
        },
        "MetricsCollector._background_processor": {
          "executed_lines": [],
          "summary": {
            "covered_lines": 0,
            "num_statements": 12,
            "percent_covered": 0.0,
            "percent_covered_display": "0",
            "missing_lines": 12,
            "excluded_lines": 0
          },
          "missing_lines": [478, 479, 480, 483, 486, 488, 490, 491, 492, 493, 494, 495],
          "excluded_lines": []
        },
        "MetricsCollector._update_performance_gauges": {
          "executed_lines": [],
          "summary": {
            "covered_lines": 0,
            "num_statements": 6,
            "percent_covered": 0.0,
            "percent_covered_display": "0",
            "missing_lines": 6,
            "excluded_lines": 0
          },
          "missing_lines": [500, 501, 502, 504, 505, 506],
          "excluded_lines": []
        },
        "MetricsCollector._cleanup_old_metrics": {
          "executed_lines": [],
          "summary": {
            "covered_lines": 0,
            "num_statements": 5,
            "percent_covered": 0.0,
            "percent_covered_display": "0",
            "missing_lines": 5,
            "excluded_lines": 0
          },
          "missing_lines": [511, 512, 514, 515, 517],
          "excluded_lines": []
        },
        "AlertManager.__init__": {
          "executed_lines": [],
          "summary": {
            "covered_lines": 0,
            "num_statements": 4,
            "percent_covered": 0.0,
            "percent_covered_display": "0",
            "missing_lines": 4,
            "excluded_lines": 0
          },
          "missing_lines": [541, 542, 543, 545],
          "excluded_lines": []
        },
        "AlertManager.add_alert_rule": {
          "executed_lines": [],
          "summary": {
            "covered_lines": 0,
            "num_statements": 3,
            "percent_covered": 0.0,
            "percent_covered_display": "0",
            "missing_lines": 3,
            "excluded_lines": 0
          },
          "missing_lines": [558, 566, 567],
          "excluded_lines": []
        },
        "AlertManager.check_alerts": {
          "executed_lines": [],
          "summary": {
            "covered_lines": 0,
            "num_statements": 22,
            "percent_covered": 0.0,
            "percent_covered_display": "0",
            "missing_lines": 22,
            "excluded_lines": 0
          },
          "missing_lines": [
            576, 578, 579, 580, 581, 584, 585, 586, 589, 590, 591, 592, 593, 594, 595, 597, 598,
            606, 607, 608, 610, 615
          ],
          "excluded_lines": []
        },
        "get_metrics_collector": {
          "executed_lines": [],
          "summary": {
            "covered_lines": 0,
            "num_statements": 1,
            "percent_covered": 0.0,
            "percent_covered_display": "0",
            "missing_lines": 1,
            "excluded_lines": 0
          },
          "missing_lines": [626],
          "excluded_lines": []
        },
        "initialize_metrics": {
          "executed_lines": [],
          "summary": {
            "covered_lines": 0,
            "num_statements": 2,
            "percent_covered": 0.0,
            "percent_covered_display": "0",
            "missing_lines": 2,
            "excluded_lines": 0
          },
          "missing_lines": [631, 632],
          "excluded_lines": []
        },
        "": {
          "executed_lines": [],
          "summary": {
            "covered_lines": 0,
            "num_statements": 49,
            "percent_covered": 0.0,
            "percent_covered_display": "0",
            "missing_lines": 49,
            "excluded_lines": 0
          },
          "missing_lines": [
            30, 31, 32, 33, 34, 35, 36, 37, 39, 40, 42, 48, 51, 52, 53, 59, 60, 69, 70, 71, 72, 73,
            75, 76, 85, 86, 88, 92, 112, 129, 150, 206, 245, 298, 351, 386, 407, 429, 451, 469, 497,
            508, 526, 538, 547, 569, 622, 624, 628
          ],
          "excluded_lines": []
        }
      },
      "classes": {
        "MetricPoint": {
          "executed_lines": [],
          "summary": {
            "covered_lines": 0,
            "num_statements": 0,
            "percent_covered": 100.0,
            "percent_covered_display": "100",
            "missing_lines": 0,
            "excluded_lines": 0
          },
          "missing_lines": [],
          "excluded_lines": []
        },
        "PerformanceWindow": {
          "executed_lines": [],
          "summary": {
            "covered_lines": 0,
            "num_statements": 5,
            "percent_covered": 0.0,
            "percent_covered_display": "0",
            "missing_lines": 5,
            "excluded_lines": 0
          },
          "missing_lines": [90, 94, 95, 97, 98],
          "excluded_lines": []
        },
        "MetricsCollector": {
          "executed_lines": [],
          "summary": {
            "covered_lines": 0,
            "num_statements": 79,
            "percent_covered": 0.0,
            "percent_covered_display": "0",
            "missing_lines": 79,
            "excluded_lines": 0
          },
          "missing_lines": [
            136, 137, 138, 139, 142, 143, 146, 148, 154, 161, 168, 174, 182, 188, 195, 201, 227,
            228, 230, 238, 239, 242, 243, 266, 267, 270, 276, 283, 284, 287, 288, 319, 320, 323,
            330, 331, 337, 338, 341, 369, 370, 372, 377, 404, 405, 424, 425, 427, 444, 445, 447,
            448, 449, 465, 466, 467, 478, 479, 480, 483, 486, 488, 490, 491, 492, 493, 494, 495,
            500, 501, 502, 504, 505, 506, 511, 512, 514, 515, 517
          ],
          "excluded_lines": []
        },
        "AlertManager": {
          "executed_lines": [],
          "summary": {
            "covered_lines": 0,
            "num_statements": 29,
            "percent_covered": 0.0,
            "percent_covered_display": "0",
            "missing_lines": 29,
            "excluded_lines": 0
          },
          "missing_lines": [
            541, 542, 543, 545, 558, 566, 567, 576, 578, 579, 580, 581, 584, 585, 586, 589, 590,
            591, 592, 593, 594, 595, 597, 598, 606, 607, 608, 610, 615
          ],
          "excluded_lines": []
        },
        "": {
          "executed_lines": [],
          "summary": {
            "covered_lines": 0,
            "num_statements": 52,
            "percent_covered": 0.0,
            "percent_covered_display": "0",
            "missing_lines": 52,
            "excluded_lines": 0
          },
          "missing_lines": [
            30, 31, 32, 33, 34, 35, 36, 37, 39, 40, 42, 48, 51, 52, 53, 59, 60, 69, 70, 71, 72, 73,
            75, 76, 85, 86, 88, 92, 112, 129, 150, 206, 245, 298, 351, 386, 407, 429, 451, 469, 497,
            508, 526, 538, 547, 569, 622, 624, 626, 628, 631, 632
          ],
          "excluded_lines": []
        }
      }
    }
  },
  "totals": {
    "covered_lines": 0,
    "num_statements": 1236,
    "percent_covered": 0.0,
    "percent_covered_display": "0",
    "missing_lines": 1236,
    "excluded_lines": 0
  }
}
